drop schema if exists dpe_single cascade;
NOTICE:  schema "dpe_single" does not exist, skipping
create schema dpe_single;
set search_path='dpe_single';
set gp_segments_for_planner=2;
set optimizer_segments=2;
drop table if exists pt;
NOTICE:  table "pt" does not exist, skipping
drop table if exists pt1;
NOTICE:  table "pt1" does not exist, skipping
drop table if exists t;
NOTICE:  table "t" does not exist, skipping
drop table if exists t1;
NOTICE:  table "t1" does not exist, skipping
create table pt(dist int, pt1 text, pt2 text, pt3 text, ptid int) 
DISTRIBUTED BY (dist)
PARTITION BY RANGE(ptid) 
          (
          START (0) END (5) EVERY (1),
          DEFAULT PARTITION junk_data
          )
;
NOTICE:  CREATE TABLE will create partition "pt_1_prt_junk_data" for table "pt"
NOTICE:  CREATE TABLE will create partition "pt_1_prt_2" for table "pt"
NOTICE:  CREATE TABLE will create partition "pt_1_prt_3" for table "pt"
NOTICE:  CREATE TABLE will create partition "pt_1_prt_4" for table "pt"
NOTICE:  CREATE TABLE will create partition "pt_1_prt_5" for table "pt"
NOTICE:  CREATE TABLE will create partition "pt_1_prt_6" for table "pt"
create table pt1(dist int, pt1 text, pt2 text, pt3 text, ptid int) 
DISTRIBUTED RANDOMLY
PARTITION BY RANGE(ptid) 
          (
          START (0) END (5) EVERY (1),
          DEFAULT PARTITION junk_data
          )
;
NOTICE:  CREATE TABLE will create partition "pt1_1_prt_junk_data" for table "pt1"
NOTICE:  CREATE TABLE will create partition "pt1_1_prt_2" for table "pt1"
NOTICE:  CREATE TABLE will create partition "pt1_1_prt_3" for table "pt1"
NOTICE:  CREATE TABLE will create partition "pt1_1_prt_4" for table "pt1"
NOTICE:  CREATE TABLE will create partition "pt1_1_prt_5" for table "pt1"
NOTICE:  CREATE TABLE will create partition "pt1_1_prt_6" for table "pt1"
create table t(dist int, tid int, t1 text, t2 text);
NOTICE:  Table doesn't have 'DISTRIBUTED BY' clause -- Using column named 'dist' as the Greenplum Database data distribution key for this table.
HINT:  The 'DISTRIBUTED BY' clause determines the distribution of data. Make sure column(s) chosen are the optimal data distribution key to minimize skew.
create index pt1_idx on pt using btree (pt1);
NOTICE:  building index for child partition "pt_1_prt_junk_data"
NOTICE:  building index for child partition "pt_1_prt_2"
NOTICE:  building index for child partition "pt_1_prt_3"
NOTICE:  building index for child partition "pt_1_prt_4"
NOTICE:  building index for child partition "pt_1_prt_5"
NOTICE:  building index for child partition "pt_1_prt_6"
create index ptid_idx on pt using btree (ptid);
NOTICE:  building index for child partition "pt_1_prt_junk_data"
NOTICE:  building index for child partition "pt_1_prt_2"
NOTICE:  building index for child partition "pt_1_prt_3"
NOTICE:  building index for child partition "pt_1_prt_4"
NOTICE:  building index for child partition "pt_1_prt_5"
NOTICE:  building index for child partition "pt_1_prt_6"
insert into pt select i, 'hello' || i, 'world', 'drop this', i % 6 from generate_series(0,53) i;
insert into t select i, i % 6, 'hello' || i, 'bar' from generate_series(0,1) i;
create table t1 as select * from t;
NOTICE:  Table doesn't have 'DISTRIBUTED BY' clause -- Using column(s) named 'dist' as the Greenplum Database data distribution key for this table.
HINT:  The 'DISTRIBUTED BY' clause determines the distribution of data. Make sure column(s) chosen are the optimal data distribution key to minimize skew.
insert into pt1 select * from pt;
insert into pt1 select dist, pt1, pt2, pt3, ptid-100 from pt;
analyze pt;
analyze pt1;
analyze t;
analyze t1;
--
-- Simple positive cases
--
explain select * from t, pt where tid = ptid;
                                               QUERY PLAN                                               
--------------------------------------------------------------------------------------------------------
 Gather Motion 3:1  (slice2; segments: 3)  (cost=1.13..20.61 rows=54 width=50)
   ->  Hash Join  (cost=1.13..20.61 rows=18 width=50)
         Hash Cond: dpe_single.pt.ptid = t.tid
         ->  Append  (cost=0.00..18.54 rows=18 width=31)
               ->  Result  (cost=0.00..3.09 rows=3 width=31)
                     One-Time Filter: PartSelected
                     ->  Seq Scan on pt_1_prt_junk_data pt  (cost=0.00..3.09 rows=3 width=31)
               ->  Result  (cost=0.00..3.09 rows=3 width=31)
                     One-Time Filter: PartSelected
                     ->  Seq Scan on pt_1_prt_2 pt  (cost=0.00..3.09 rows=3 width=31)
               ->  Result  (cost=0.00..3.09 rows=3 width=31)
                     One-Time Filter: PartSelected
                     ->  Seq Scan on pt_1_prt_3 pt  (cost=0.00..3.09 rows=3 width=31)
               ->  Result  (cost=0.00..3.09 rows=3 width=31)
                     One-Time Filter: PartSelected
                     ->  Seq Scan on pt_1_prt_4 pt  (cost=0.00..3.09 rows=3 width=31)
               ->  Result  (cost=0.00..3.09 rows=3 width=31)
                     One-Time Filter: PartSelected
                     ->  Seq Scan on pt_1_prt_5 pt  (cost=0.00..3.09 rows=3 width=31)
               ->  Result  (cost=0.00..3.09 rows=3 width=31)
                     One-Time Filter: PartSelected
                     ->  Seq Scan on pt_1_prt_6 pt  (cost=0.00..3.09 rows=3 width=31)
         ->  Hash  (cost=1.08..1.08 rows=2 width=19)
               ->  Partition Selector for pt (dynamic scan id: 1)  (cost=0.00..1.08 rows=2 width=19)
                     Filter: t.tid
                     ->  Broadcast Motion 3:3  (slice1; segments: 3)  (cost=0.00..1.08 rows=2 width=19)
                           ->  Seq Scan on t  (cost=0.00..1.02 rows=1 width=19)
 Settings:  gp_segments_for_planner=2; optimizer_segments=2
 Optimizer status: legacy query optimizer
(29 rows)

select * from t, pt where tid = ptid;
 dist | tid |   t1   | t2  | dist |   pt1   |  pt2  |    pt3    | ptid 
------+-----+--------+-----+------+---------+-------+-----------+------
    0 |   0 | hello0 | bar |    0 | hello0  | world | drop this |    0
    0 |   0 | hello0 | bar |    6 | hello6  | world | drop this |    0
    0 |   0 | hello0 | bar |   12 | hello12 | world | drop this |    0
    0 |   0 | hello0 | bar |   18 | hello18 | world | drop this |    0
    0 |   0 | hello0 | bar |   24 | hello24 | world | drop this |    0
    0 |   0 | hello0 | bar |   30 | hello30 | world | drop this |    0
    0 |   0 | hello0 | bar |   36 | hello36 | world | drop this |    0
    0 |   0 | hello0 | bar |   42 | hello42 | world | drop this |    0
    0 |   0 | hello0 | bar |   48 | hello48 | world | drop this |    0
    1 |   1 | hello1 | bar |    1 | hello1  | world | drop this |    1
    1 |   1 | hello1 | bar |    7 | hello7  | world | drop this |    1
    1 |   1 | hello1 | bar |   13 | hello13 | world | drop this |    1
    1 |   1 | hello1 | bar |   19 | hello19 | world | drop this |    1
    1 |   1 | hello1 | bar |   25 | hello25 | world | drop this |    1
    1 |   1 | hello1 | bar |   31 | hello31 | world | drop this |    1
    1 |   1 | hello1 | bar |   37 | hello37 | world | drop this |    1
    1 |   1 | hello1 | bar |   43 | hello43 | world | drop this |    1
    1 |   1 | hello1 | bar |   49 | hello49 | world | drop this |    1
(18 rows)

explain select * from t, pt where tid + 1 = ptid;
                                               QUERY PLAN                                               
--------------------------------------------------------------------------------------------------------
 Gather Motion 3:1  (slice2; segments: 3)  (cost=1.13..20.88 rows=54 width=50)
   ->  Hash Join  (cost=1.13..20.88 rows=18 width=50)
         Hash Cond: dpe_single.pt.ptid = (t.tid + 1)
         ->  Append  (cost=0.00..18.54 rows=18 width=31)
               ->  Result  (cost=0.00..3.09 rows=3 width=31)
                     One-Time Filter: PartSelected
                     ->  Seq Scan on pt_1_prt_junk_data pt  (cost=0.00..3.09 rows=3 width=31)
               ->  Result  (cost=0.00..3.09 rows=3 width=31)
                     One-Time Filter: PartSelected
                     ->  Seq Scan on pt_1_prt_2 pt  (cost=0.00..3.09 rows=3 width=31)
               ->  Result  (cost=0.00..3.09 rows=3 width=31)
                     One-Time Filter: PartSelected
                     ->  Seq Scan on pt_1_prt_3 pt  (cost=0.00..3.09 rows=3 width=31)
               ->  Result  (cost=0.00..3.09 rows=3 width=31)
                     One-Time Filter: PartSelected
                     ->  Seq Scan on pt_1_prt_4 pt  (cost=0.00..3.09 rows=3 width=31)
               ->  Result  (cost=0.00..3.09 rows=3 width=31)
                     One-Time Filter: PartSelected
                     ->  Seq Scan on pt_1_prt_5 pt  (cost=0.00..3.09 rows=3 width=31)
               ->  Result  (cost=0.00..3.09 rows=3 width=31)
                     One-Time Filter: PartSelected
                     ->  Seq Scan on pt_1_prt_6 pt  (cost=0.00..3.09 rows=3 width=31)
         ->  Hash  (cost=1.08..1.08 rows=2 width=19)
               ->  Partition Selector for pt (dynamic scan id: 1)  (cost=0.00..1.08 rows=2 width=19)
                     Filter: t.tid + 1
                     ->  Broadcast Motion 3:3  (slice1; segments: 3)  (cost=0.00..1.08 rows=2 width=19)
                           ->  Seq Scan on t  (cost=0.00..1.02 rows=1 width=19)
 Settings:  gp_segments_for_planner=2; optimizer_segments=2
 Optimizer status: legacy query optimizer
(29 rows)

select * from t, pt where tid + 1 = ptid;
 dist | tid |   t1   | t2  | dist |   pt1   |  pt2  |    pt3    | ptid 
------+-----+--------+-----+------+---------+-------+-----------+------
    0 |   0 | hello0 | bar |    1 | hello1  | world | drop this |    1
    0 |   0 | hello0 | bar |    7 | hello7  | world | drop this |    1
    0 |   0 | hello0 | bar |   13 | hello13 | world | drop this |    1
    0 |   0 | hello0 | bar |   19 | hello19 | world | drop this |    1
    0 |   0 | hello0 | bar |   25 | hello25 | world | drop this |    1
    0 |   0 | hello0 | bar |   31 | hello31 | world | drop this |    1
    0 |   0 | hello0 | bar |   37 | hello37 | world | drop this |    1
    0 |   0 | hello0 | bar |   43 | hello43 | world | drop this |    1
    0 |   0 | hello0 | bar |   49 | hello49 | world | drop this |    1
    1 |   1 | hello1 | bar |    2 | hello2  | world | drop this |    2
    1 |   1 | hello1 | bar |    8 | hello8  | world | drop this |    2
    1 |   1 | hello1 | bar |   14 | hello14 | world | drop this |    2
    1 |   1 | hello1 | bar |   20 | hello20 | world | drop this |    2
    1 |   1 | hello1 | bar |   26 | hello26 | world | drop this |    2
    1 |   1 | hello1 | bar |   32 | hello32 | world | drop this |    2
    1 |   1 | hello1 | bar |   38 | hello38 | world | drop this |    2
    1 |   1 | hello1 | bar |   44 | hello44 | world | drop this |    2
    1 |   1 | hello1 | bar |   50 | hello50 | world | drop this |    2
(18 rows)

explain select * from t, pt where tid = ptid and t1 = 'hello' || tid;
                                               QUERY PLAN                                               
--------------------------------------------------------------------------------------------------------
 Gather Motion 3:1  (slice2; segments: 3)  (cost=1.09..20.18 rows=27 width=50)
   ->  Hash Join  (cost=1.09..20.18 rows=9 width=50)
         Hash Cond: dpe_single.pt.ptid = t.tid
         ->  Append  (cost=0.00..18.54 rows=18 width=31)
               ->  Result  (cost=0.00..3.09 rows=3 width=31)
                     One-Time Filter: PartSelected
                     ->  Seq Scan on pt_1_prt_junk_data pt  (cost=0.00..3.09 rows=3 width=31)
               ->  Result  (cost=0.00..3.09 rows=3 width=31)
                     One-Time Filter: PartSelected
                     ->  Seq Scan on pt_1_prt_2 pt  (cost=0.00..3.09 rows=3 width=31)
               ->  Result  (cost=0.00..3.09 rows=3 width=31)
                     One-Time Filter: PartSelected
                     ->  Seq Scan on pt_1_prt_3 pt  (cost=0.00..3.09 rows=3 width=31)
               ->  Result  (cost=0.00..3.09 rows=3 width=31)
                     One-Time Filter: PartSelected
                     ->  Seq Scan on pt_1_prt_4 pt  (cost=0.00..3.09 rows=3 width=31)
               ->  Result  (cost=0.00..3.09 rows=3 width=31)
                     One-Time Filter: PartSelected
                     ->  Seq Scan on pt_1_prt_5 pt  (cost=0.00..3.09 rows=3 width=31)
               ->  Result  (cost=0.00..3.09 rows=3 width=31)
                     One-Time Filter: PartSelected
                     ->  Seq Scan on pt_1_prt_6 pt  (cost=0.00..3.09 rows=3 width=31)
         ->  Hash  (cost=1.07..1.07 rows=1 width=19)
               ->  Partition Selector for pt (dynamic scan id: 1)  (cost=0.00..1.07 rows=1 width=19)
                     Filter: t.tid
                     ->  Broadcast Motion 3:3  (slice1; segments: 3)  (cost=0.00..1.07 rows=1 width=19)
                           ->  Seq Scan on t  (cost=0.00..1.04 rows=1 width=19)
                                 Filter: t1 = ('hello'::text || tid::text)
 Settings:  gp_segments_for_planner=2; optimizer_segments=2
 Optimizer status: legacy query optimizer
(30 rows)

select * from t, pt where tid = ptid and t1 = 'hello' || tid;
 dist | tid |   t1   | t2  | dist |   pt1   |  pt2  |    pt3    | ptid 
------+-----+--------+-----+------+---------+-------+-----------+------
    1 |   1 | hello1 | bar |    1 | hello1  | world | drop this |    1
    1 |   1 | hello1 | bar |    7 | hello7  | world | drop this |    1
    1 |   1 | hello1 | bar |   13 | hello13 | world | drop this |    1
    1 |   1 | hello1 | bar |   19 | hello19 | world | drop this |    1
    1 |   1 | hello1 | bar |   25 | hello25 | world | drop this |    1
    1 |   1 | hello1 | bar |   31 | hello31 | world | drop this |    1
    1 |   1 | hello1 | bar |   37 | hello37 | world | drop this |    1
    1 |   1 | hello1 | bar |   43 | hello43 | world | drop this |    1
    1 |   1 | hello1 | bar |   49 | hello49 | world | drop this |    1
    0 |   0 | hello0 | bar |    0 | hello0  | world | drop this |    0
    0 |   0 | hello0 | bar |    6 | hello6  | world | drop this |    0
    0 |   0 | hello0 | bar |   12 | hello12 | world | drop this |    0
    0 |   0 | hello0 | bar |   18 | hello18 | world | drop this |    0
    0 |   0 | hello0 | bar |   24 | hello24 | world | drop this |    0
    0 |   0 | hello0 | bar |   30 | hello30 | world | drop this |    0
    0 |   0 | hello0 | bar |   36 | hello36 | world | drop this |    0
    0 |   0 | hello0 | bar |   42 | hello42 | world | drop this |    0
    0 |   0 | hello0 | bar |   48 | hello48 | world | drop this |    0
(18 rows)

explain select * from t, pt where t1 = pt1 and ptid = tid;
                                               QUERY PLAN                                               
--------------------------------------------------------------------------------------------------------
 Gather Motion 3:1  (slice2; segments: 3)  (cost=1.14..20.02 rows=6 width=50)
   ->  Hash Join  (cost=1.14..20.02 rows=2 width=50)
         Hash Cond: dpe_single.pt.pt1 = t.t1 AND dpe_single.pt.ptid = t.tid
         ->  Append  (cost=0.00..18.54 rows=18 width=31)
               ->  Result  (cost=0.00..3.09 rows=3 width=31)
                     One-Time Filter: PartSelected
                     ->  Seq Scan on pt_1_prt_junk_data pt  (cost=0.00..3.09 rows=3 width=31)
               ->  Result  (cost=0.00..3.09 rows=3 width=31)
                     One-Time Filter: PartSelected
                     ->  Seq Scan on pt_1_prt_2 pt  (cost=0.00..3.09 rows=3 width=31)
               ->  Result  (cost=0.00..3.09 rows=3 width=31)
                     One-Time Filter: PartSelected
                     ->  Seq Scan on pt_1_prt_3 pt  (cost=0.00..3.09 rows=3 width=31)
               ->  Result  (cost=0.00..3.09 rows=3 width=31)
                     One-Time Filter: PartSelected
                     ->  Seq Scan on pt_1_prt_4 pt  (cost=0.00..3.09 rows=3 width=31)
               ->  Result  (cost=0.00..3.09 rows=3 width=31)
                     One-Time Filter: PartSelected
                     ->  Seq Scan on pt_1_prt_5 pt  (cost=0.00..3.09 rows=3 width=31)
               ->  Result  (cost=0.00..3.09 rows=3 width=31)
                     One-Time Filter: PartSelected
                     ->  Seq Scan on pt_1_prt_6 pt  (cost=0.00..3.09 rows=3 width=31)
         ->  Hash  (cost=1.08..1.08 rows=2 width=19)
               ->  Partition Selector for pt (dynamic scan id: 1)  (cost=0.00..1.08 rows=2 width=19)
                     Filter: t.tid
                     ->  Broadcast Motion 3:3  (slice1; segments: 3)  (cost=0.00..1.08 rows=2 width=19)
                           ->  Seq Scan on t  (cost=0.00..1.02 rows=1 width=19)
 Optimizer: legacy query optimizer
(28 rows)

select * from t, pt where t1 = pt1 and ptid = tid;
 dist | tid |   t1   | t2  | dist |  pt1   |  pt2  |    pt3    | ptid 
------+-----+--------+-----+------+--------+-------+-----------+------
    0 |   0 | hello0 | bar |    0 | hello0 | world | drop this |    0
    1 |   1 | hello1 | bar |    1 | hello1 | world | drop this |    1
(2 rows)

--
-- in and exists clauses
--
explain select * from pt where ptid in (select tid from t where t1 = 'hello' || tid);
                                               QUERY PLAN                                               
--------------------------------------------------------------------------------------------------------
 Gather Motion 3:1  (slice2; segments: 3)  (cost=1.09..20.45 rows=54 width=31)
   ->  Hash Semi Join  (cost=1.09..20.45 rows=18 width=31)
         Hash Cond: dpe_single.pt.ptid = t.tid
         ->  Append  (cost=0.00..18.54 rows=18 width=31)
               ->  Result  (cost=0.00..3.09 rows=3 width=31)
                     One-Time Filter: PartSelected
                     ->  Seq Scan on pt_1_prt_junk_data pt  (cost=0.00..3.09 rows=3 width=31)
               ->  Result  (cost=0.00..3.09 rows=3 width=31)
                     One-Time Filter: PartSelected
                     ->  Seq Scan on pt_1_prt_2 pt  (cost=0.00..3.09 rows=3 width=31)
               ->  Result  (cost=0.00..3.09 rows=3 width=31)
                     One-Time Filter: PartSelected
                     ->  Seq Scan on pt_1_prt_3 pt  (cost=0.00..3.09 rows=3 width=31)
               ->  Result  (cost=0.00..3.09 rows=3 width=31)
                     One-Time Filter: PartSelected
                     ->  Seq Scan on pt_1_prt_4 pt  (cost=0.00..3.09 rows=3 width=31)
               ->  Result  (cost=0.00..3.09 rows=3 width=31)
                     One-Time Filter: PartSelected
                     ->  Seq Scan on pt_1_prt_5 pt  (cost=0.00..3.09 rows=3 width=31)
               ->  Result  (cost=0.00..3.09 rows=3 width=31)
                     One-Time Filter: PartSelected
                     ->  Seq Scan on pt_1_prt_6 pt  (cost=0.00..3.09 rows=3 width=31)
         ->  Hash  (cost=1.07..1.07 rows=1 width=11)
               ->  Partition Selector for pt (dynamic scan id: 1)  (cost=0.00..1.07 rows=1 width=11)
                     Filter: t.tid
                     ->  Broadcast Motion 3:3  (slice1; segments: 3)  (cost=0.00..1.07 rows=1 width=11)
                           ->  Seq Scan on t  (cost=0.00..1.04 rows=1 width=11)
                                 Filter: t1 = ('hello'::text || tid::text)
 Settings:  gp_segments_for_planner=2; optimizer=off; optimizer_segments=2
 Optimizer status: legacy query optimizer
(30 rows)

select * from pt where ptid in (select tid from t where t1 = 'hello' || tid);
 dist |   pt1   |  pt2  |    pt3    | ptid 
------+---------+-------+-----------+------
    0 | hello0  | world | drop this |    0
    6 | hello6  | world | drop this |    0
   12 | hello12 | world | drop this |    0
   18 | hello18 | world | drop this |    0
   24 | hello24 | world | drop this |    0
   30 | hello30 | world | drop this |    0
   36 | hello36 | world | drop this |    0
   42 | hello42 | world | drop this |    0
   48 | hello48 | world | drop this |    0
    1 | hello1  | world | drop this |    1
    7 | hello7  | world | drop this |    1
   13 | hello13 | world | drop this |    1
   19 | hello19 | world | drop this |    1
   25 | hello25 | world | drop this |    1
   31 | hello31 | world | drop this |    1
   37 | hello37 | world | drop this |    1
   43 | hello43 | world | drop this |    1
   49 | hello49 | world | drop this |    1
(18 rows)

explain select * from pt where exists (select 1 from t where tid = ptid and t1 = 'hello' || tid);
                                               QUERY PLAN                                               
--------------------------------------------------------------------------------------------------------
 Gather Motion 3:1  (slice2; segments: 3)  (cost=1.09..20.18 rows=27 width=31)
   ->  Hash Semi Join  (cost=1.09..20.18 rows=9 width=31)
         Hash Cond: dpe_single.pt.ptid = t.tid
         ->  Append  (cost=0.00..18.54 rows=18 width=31)
               ->  Result  (cost=0.00..3.09 rows=3 width=31)
                     One-Time Filter: PartSelected
                     ->  Seq Scan on pt_1_prt_junk_data pt  (cost=0.00..3.09 rows=3 width=31)
               ->  Result  (cost=0.00..3.09 rows=3 width=31)
                     One-Time Filter: PartSelected
                     ->  Seq Scan on pt_1_prt_2 pt  (cost=0.00..3.09 rows=3 width=31)
               ->  Result  (cost=0.00..3.09 rows=3 width=31)
                     One-Time Filter: PartSelected
                     ->  Seq Scan on pt_1_prt_3 pt  (cost=0.00..3.09 rows=3 width=31)
               ->  Result  (cost=0.00..3.09 rows=3 width=31)
                     One-Time Filter: PartSelected
                     ->  Seq Scan on pt_1_prt_4 pt  (cost=0.00..3.09 rows=3 width=31)
               ->  Result  (cost=0.00..3.09 rows=3 width=31)
                     One-Time Filter: PartSelected
                     ->  Seq Scan on pt_1_prt_5 pt  (cost=0.00..3.09 rows=3 width=31)
               ->  Result  (cost=0.00..3.09 rows=3 width=31)
                     One-Time Filter: PartSelected
                     ->  Seq Scan on pt_1_prt_6 pt  (cost=0.00..3.09 rows=3 width=31)
         ->  Hash  (cost=1.07..1.07 rows=1 width=11)
               ->  Partition Selector for pt (dynamic scan id: 1)  (cost=0.00..1.07 rows=1 width=11)
                     Filter: t.tid
                     ->  Broadcast Motion 3:3  (slice1; segments: 3)  (cost=0.00..1.07 rows=1 width=11)
                           ->  Seq Scan on t  (cost=0.00..1.04 rows=1 width=11)
                                 Filter: t1 = ('hello'::text || tid::text)
 Settings:  gp_segments_for_planner=2; optimizer_segments=2
 Optimizer status: legacy query optimizer
(30 rows)

select * from pt where exists (select 1 from t where tid = ptid and t1 = 'hello' || tid);
 dist |   pt1   |  pt2  |    pt3    | ptid 
------+---------+-------+-----------+------
    1 | hello1  | world | drop this |    1
    7 | hello7  | world | drop this |    1
   13 | hello13 | world | drop this |    1
   19 | hello19 | world | drop this |    1
   25 | hello25 | world | drop this |    1
   31 | hello31 | world | drop this |    1
   37 | hello37 | world | drop this |    1
   43 | hello43 | world | drop this |    1
   49 | hello49 | world | drop this |    1
    0 | hello0  | world | drop this |    0
    6 | hello6  | world | drop this |    0
   12 | hello12 | world | drop this |    0
   18 | hello18 | world | drop this |    0
   24 | hello24 | world | drop this |    0
   30 | hello30 | world | drop this |    0
   36 | hello36 | world | drop this |    0
   42 | hello42 | world | drop this |    0
   48 | hello48 | world | drop this |    0
(18 rows)

--
-- group-by on top
--
explain select count(*) from t, pt where tid = ptid;
                                                    QUERY PLAN                                                     
-------------------------------------------------------------------------------------------------------------------
 Aggregate  (cost=20.81..20.82 rows=1 width=8)
   ->  Gather Motion 3:1  (slice2; segments: 3)  (cost=20.75..20.79 rows=1 width=8)
         ->  Aggregate  (cost=20.75..20.76 rows=1 width=8)
               ->  Hash Join  (cost=1.13..20.61 rows=18 width=0)
                     Hash Cond: dpe_single.pt.ptid = t.tid
                     ->  Append  (cost=0.00..18.54 rows=18 width=4)
                           ->  Result  (cost=0.00..3.09 rows=3 width=4)
                                 One-Time Filter: PartSelected
                                 ->  Seq Scan on pt_1_prt_junk_data pt  (cost=0.00..3.09 rows=3 width=4)
                           ->  Result  (cost=0.00..3.09 rows=3 width=4)
                                 One-Time Filter: PartSelected
                                 ->  Seq Scan on pt_1_prt_2 pt  (cost=0.00..3.09 rows=3 width=4)
                           ->  Result  (cost=0.00..3.09 rows=3 width=4)
                                 One-Time Filter: PartSelected
                                 ->  Seq Scan on pt_1_prt_3 pt  (cost=0.00..3.09 rows=3 width=4)
                           ->  Result  (cost=0.00..3.09 rows=3 width=4)
                                 One-Time Filter: PartSelected
                                 ->  Seq Scan on pt_1_prt_4 pt  (cost=0.00..3.09 rows=3 width=4)
                           ->  Result  (cost=0.00..3.09 rows=3 width=4)
                                 One-Time Filter: PartSelected
                                 ->  Seq Scan on pt_1_prt_5 pt  (cost=0.00..3.09 rows=3 width=4)
                           ->  Result  (cost=0.00..3.09 rows=3 width=4)
                                 One-Time Filter: PartSelected
                                 ->  Seq Scan on pt_1_prt_6 pt  (cost=0.00..3.09 rows=3 width=4)
                     ->  Hash  (cost=1.08..1.08 rows=2 width=4)
                           ->  Partition Selector for pt (dynamic scan id: 1)  (cost=0.00..1.08 rows=2 width=4)
                                 Filter: t.tid
                                 ->  Broadcast Motion 3:3  (slice1; segments: 3)  (cost=0.00..1.08 rows=2 width=4)
                                       ->  Seq Scan on t  (cost=0.00..1.02 rows=1 width=4)
 Optimizer: legacy query optimizer
(30 rows)

select count(*) from t, pt where tid = ptid;
 count 
-------
    18
(1 row)

--
-- window function on top
--
explain select *, rank() over (order by ptid,pt1) from t, pt where tid = ptid;
                                                     QUERY PLAN                                                     
--------------------------------------------------------------------------------------------------------------------
 WindowAgg  (cost=22.17..23.65 rows=54 width=50)
   Order By: dpe_single.pt.ptid, dpe_single.pt.pt1
   ->  Gather Motion 3:1  (slice2; segments: 3)  (cost=22.17..23.38 rows=54 width=50)
         Merge Key: dpe_single.pt.ptid, dpe_single.pt.pt1
         ->  Sort  (cost=22.17..22.30 rows=18 width=50)
               Sort Key: dpe_single.pt.ptid, dpe_single.pt.pt1
               ->  Hash Join  (cost=1.13..20.61 rows=18 width=50)
                     Hash Cond: dpe_single.pt.ptid = t.tid
                     ->  Append  (cost=0.00..18.54 rows=18 width=31)
                           ->  Result  (cost=0.00..3.09 rows=3 width=31)
                                 One-Time Filter: PartSelected
                                 ->  Seq Scan on pt_1_prt_junk_data pt  (cost=0.00..3.09 rows=3 width=31)
                           ->  Result  (cost=0.00..3.09 rows=3 width=31)
                                 One-Time Filter: PartSelected
                                 ->  Seq Scan on pt_1_prt_2 pt  (cost=0.00..3.09 rows=3 width=31)
                           ->  Result  (cost=0.00..3.09 rows=3 width=31)
                                 One-Time Filter: PartSelected
                                 ->  Seq Scan on pt_1_prt_3 pt  (cost=0.00..3.09 rows=3 width=31)
                           ->  Result  (cost=0.00..3.09 rows=3 width=31)
                                 One-Time Filter: PartSelected
                                 ->  Seq Scan on pt_1_prt_4 pt  (cost=0.00..3.09 rows=3 width=31)
                           ->  Result  (cost=0.00..3.09 rows=3 width=31)
                                 One-Time Filter: PartSelected
                                 ->  Seq Scan on pt_1_prt_5 pt  (cost=0.00..3.09 rows=3 width=31)
                           ->  Result  (cost=0.00..3.09 rows=3 width=31)
                                 One-Time Filter: PartSelected
                                 ->  Seq Scan on pt_1_prt_6 pt  (cost=0.00..3.09 rows=3 width=31)
                     ->  Hash  (cost=1.08..1.08 rows=2 width=19)
                           ->  Partition Selector for pt (dynamic scan id: 1)  (cost=0.00..1.08 rows=2 width=19)
                                 Filter: t.tid
                                 ->  Broadcast Motion 3:3  (slice1; segments: 3)  (cost=0.00..1.08 rows=2 width=19)
                                       ->  Seq Scan on t  (cost=0.00..1.02 rows=1 width=19)
 Optimizer: legacy query optimizer
(33 rows)

select *, rank() over (order by ptid,pt1) from t, pt where tid = ptid;
 dist | tid |   t1   | t2  | dist |   pt1   |  pt2  |    pt3    | ptid | rank 
------+-----+--------+-----+------+---------+-------+-----------+------+------
    0 |   0 | hello0 | bar |    0 | hello0  | world | drop this |    0 |    1
    0 |   0 | hello0 | bar |   12 | hello12 | world | drop this |    0 |    2
    0 |   0 | hello0 | bar |   18 | hello18 | world | drop this |    0 |    3
    0 |   0 | hello0 | bar |   24 | hello24 | world | drop this |    0 |    4
    0 |   0 | hello0 | bar |   30 | hello30 | world | drop this |    0 |    5
    0 |   0 | hello0 | bar |   36 | hello36 | world | drop this |    0 |    6
    0 |   0 | hello0 | bar |   42 | hello42 | world | drop this |    0 |    7
    0 |   0 | hello0 | bar |   48 | hello48 | world | drop this |    0 |    8
    0 |   0 | hello0 | bar |    6 | hello6  | world | drop this |    0 |    9
    1 |   1 | hello1 | bar |    1 | hello1  | world | drop this |    1 |   10
    1 |   1 | hello1 | bar |   13 | hello13 | world | drop this |    1 |   11
    1 |   1 | hello1 | bar |   19 | hello19 | world | drop this |    1 |   12
    1 |   1 | hello1 | bar |   25 | hello25 | world | drop this |    1 |   13
    1 |   1 | hello1 | bar |   31 | hello31 | world | drop this |    1 |   14
    1 |   1 | hello1 | bar |   37 | hello37 | world | drop this |    1 |   15
    1 |   1 | hello1 | bar |   43 | hello43 | world | drop this |    1 |   16
    1 |   1 | hello1 | bar |   49 | hello49 | world | drop this |    1 |   17
    1 |   1 | hello1 | bar |    7 | hello7  | world | drop this |    1 |   18
(18 rows)

--
-- set ops
--
explain select * from t, pt where tid = ptid
	  union all
	  select * from t, pt where tid + 2 = ptid;
                                                  QUERY PLAN                                                  
--------------------------------------------------------------------------------------------------------------
 Gather Motion 3:1  (slice3; segments: 3)  (cost=1.13..42.58 rows=108 width=50)
   ->  Append  (cost=1.13..42.58 rows=36 width=50)
         ->  Hash Join  (cost=1.13..20.61 rows=18 width=50)
               Hash Cond: dpe_single.pt.ptid = dpe_single.t.tid
               ->  Append  (cost=0.00..18.54 rows=18 width=31)
                     ->  Result  (cost=0.00..3.09 rows=3 width=31)
                           One-Time Filter: PartSelected
                           ->  Seq Scan on pt_1_prt_junk_data pt  (cost=0.00..3.09 rows=3 width=31)
                     ->  Result  (cost=0.00..3.09 rows=3 width=31)
                           One-Time Filter: PartSelected
                           ->  Seq Scan on pt_1_prt_2 pt  (cost=0.00..3.09 rows=3 width=31)
                     ->  Result  (cost=0.00..3.09 rows=3 width=31)
                           One-Time Filter: PartSelected
                           ->  Seq Scan on pt_1_prt_3 pt  (cost=0.00..3.09 rows=3 width=31)
                     ->  Result  (cost=0.00..3.09 rows=3 width=31)
                           One-Time Filter: PartSelected
                           ->  Seq Scan on pt_1_prt_4 pt  (cost=0.00..3.09 rows=3 width=31)
                     ->  Result  (cost=0.00..3.09 rows=3 width=31)
                           One-Time Filter: PartSelected
                           ->  Seq Scan on pt_1_prt_5 pt  (cost=0.00..3.09 rows=3 width=31)
                     ->  Result  (cost=0.00..3.09 rows=3 width=31)
                           One-Time Filter: PartSelected
                           ->  Seq Scan on pt_1_prt_6 pt  (cost=0.00..3.09 rows=3 width=31)
               ->  Hash  (cost=1.08..1.08 rows=2 width=19)
                     ->  Partition Selector for pt (dynamic scan id: 1)  (cost=0.00..1.08 rows=2 width=19)
                           Filter: dpe_single.t.tid
                           ->  Broadcast Motion 3:3  (slice1; segments: 3)  (cost=0.00..1.08 rows=2 width=19)
                                 ->  Seq Scan on t  (cost=0.00..1.02 rows=1 width=19)
         ->  Hash Join  (cost=1.13..20.88 rows=18 width=50)
               Hash Cond: dpe_single.pt.ptid = (dpe_single.t.tid + 2)
               ->  Append  (cost=0.00..18.54 rows=18 width=31)
                     ->  Result  (cost=0.00..3.09 rows=3 width=31)
                           One-Time Filter: PartSelected
                           ->  Seq Scan on pt_1_prt_junk_data pt  (cost=0.00..3.09 rows=3 width=31)
                     ->  Result  (cost=0.00..3.09 rows=3 width=31)
                           One-Time Filter: PartSelected
                           ->  Seq Scan on pt_1_prt_2 pt  (cost=0.00..3.09 rows=3 width=31)
                     ->  Result  (cost=0.00..3.09 rows=3 width=31)
                           One-Time Filter: PartSelected
                           ->  Seq Scan on pt_1_prt_3 pt  (cost=0.00..3.09 rows=3 width=31)
                     ->  Result  (cost=0.00..3.09 rows=3 width=31)
                           One-Time Filter: PartSelected
                           ->  Seq Scan on pt_1_prt_4 pt  (cost=0.00..3.09 rows=3 width=31)
                     ->  Result  (cost=0.00..3.09 rows=3 width=31)
                           One-Time Filter: PartSelected
                           ->  Seq Scan on pt_1_prt_5 pt  (cost=0.00..3.09 rows=3 width=31)
                     ->  Result  (cost=0.00..3.09 rows=3 width=31)
                           One-Time Filter: PartSelected
                           ->  Seq Scan on pt_1_prt_6 pt  (cost=0.00..3.09 rows=3 width=31)
               ->  Hash  (cost=1.08..1.08 rows=2 width=19)
                     ->  Partition Selector for pt (dynamic scan id: 1)  (cost=0.00..1.08 rows=2 width=19)
                           Filter: dpe_single.t.tid + 2
                           ->  Broadcast Motion 3:3  (slice2; segments: 3)  (cost=0.00..1.08 rows=2 width=19)
                                 ->  Seq Scan on t  (cost=0.00..1.02 rows=1 width=19)
 Optimizer: legacy query optimizer
(55 rows)

select * from t, pt where tid = ptid
	  union all
	  select * from t, pt where tid + 2 = ptid;
 dist | tid |   t1   | t2  | dist |   pt1   |  pt2  |    pt3    | ptid 
------+-----+--------+-----+------+---------+-------+-----------+------
    0 |   0 | hello0 | bar |    0 | hello0  | world | drop this |    0
    0 |   0 | hello0 | bar |    6 | hello6  | world | drop this |    0
    0 |   0 | hello0 | bar |   12 | hello12 | world | drop this |    0
    0 |   0 | hello0 | bar |   18 | hello18 | world | drop this |    0
    0 |   0 | hello0 | bar |   24 | hello24 | world | drop this |    0
    0 |   0 | hello0 | bar |   30 | hello30 | world | drop this |    0
    0 |   0 | hello0 | bar |   36 | hello36 | world | drop this |    0
    0 |   0 | hello0 | bar |   42 | hello42 | world | drop this |    0
    0 |   0 | hello0 | bar |   48 | hello48 | world | drop this |    0
    0 |   0 | hello0 | bar |    2 | hello2  | world | drop this |    2
    0 |   0 | hello0 | bar |    8 | hello8  | world | drop this |    2
    0 |   0 | hello0 | bar |   14 | hello14 | world | drop this |    2
    0 |   0 | hello0 | bar |   20 | hello20 | world | drop this |    2
    0 |   0 | hello0 | bar |   26 | hello26 | world | drop this |    2
    0 |   0 | hello0 | bar |   32 | hello32 | world | drop this |    2
    0 |   0 | hello0 | bar |   38 | hello38 | world | drop this |    2
    0 |   0 | hello0 | bar |   44 | hello44 | world | drop this |    2
    0 |   0 | hello0 | bar |   50 | hello50 | world | drop this |    2
    1 |   1 | hello1 | bar |    1 | hello1  | world | drop this |    1
    1 |   1 | hello1 | bar |    7 | hello7  | world | drop this |    1
    1 |   1 | hello1 | bar |   13 | hello13 | world | drop this |    1
    1 |   1 | hello1 | bar |   19 | hello19 | world | drop this |    1
    1 |   1 | hello1 | bar |   25 | hello25 | world | drop this |    1
    1 |   1 | hello1 | bar |   31 | hello31 | world | drop this |    1
    1 |   1 | hello1 | bar |   37 | hello37 | world | drop this |    1
    1 |   1 | hello1 | bar |   43 | hello43 | world | drop this |    1
    1 |   1 | hello1 | bar |   49 | hello49 | world | drop this |    1
    1 |   1 | hello1 | bar |    3 | hello3  | world | drop this |    3
    1 |   1 | hello1 | bar |    9 | hello9  | world | drop this |    3
    1 |   1 | hello1 | bar |   15 | hello15 | world | drop this |    3
    1 |   1 | hello1 | bar |   21 | hello21 | world | drop this |    3
    1 |   1 | hello1 | bar |   27 | hello27 | world | drop this |    3
    1 |   1 | hello1 | bar |   33 | hello33 | world | drop this |    3
    1 |   1 | hello1 | bar |   39 | hello39 | world | drop this |    3
    1 |   1 | hello1 | bar |   45 | hello45 | world | drop this |    3
    1 |   1 | hello1 | bar |   51 | hello51 | world | drop this |    3
(36 rows)

--
-- set-ops
--
explain select count(*) from
	( select * from t, pt where tid = ptid
	  union all
	  select * from t, pt where tid + 2 = ptid
	  ) foo;
                                                           QUERY PLAN                                                           
--------------------------------------------------------------------------------------------------------------------------------
 Aggregate  (cost=43.99..44.00 rows=1 width=8)
   ->  Gather Motion 3:1  (slice3; segments: 3)  (cost=43.93..43.97 rows=1 width=8)
         ->  Aggregate  (cost=43.93..43.94 rows=1 width=8)
               ->  Subquery Scan on foo  (cost=1.13..43.66 rows=36 width=0)
                     ->  Append  (cost=1.13..42.58 rows=36 width=50)
                           ->  Hash Join  (cost=1.13..20.61 rows=18 width=50)
                                 Hash Cond: dpe_single.pt.ptid = dpe_single.t.tid
                                 ->  Append  (cost=0.00..18.54 rows=18 width=31)
                                       ->  Result  (cost=0.00..3.09 rows=3 width=31)
                                             One-Time Filter: PartSelected
                                             ->  Seq Scan on pt_1_prt_junk_data pt  (cost=0.00..3.09 rows=3 width=31)
                                       ->  Result  (cost=0.00..3.09 rows=3 width=31)
                                             One-Time Filter: PartSelected
                                             ->  Seq Scan on pt_1_prt_2 pt  (cost=0.00..3.09 rows=3 width=31)
                                       ->  Result  (cost=0.00..3.09 rows=3 width=31)
                                             One-Time Filter: PartSelected
                                             ->  Seq Scan on pt_1_prt_3 pt  (cost=0.00..3.09 rows=3 width=31)
                                       ->  Result  (cost=0.00..3.09 rows=3 width=31)
                                             One-Time Filter: PartSelected
                                             ->  Seq Scan on pt_1_prt_4 pt  (cost=0.00..3.09 rows=3 width=31)
                                       ->  Result  (cost=0.00..3.09 rows=3 width=31)
                                             One-Time Filter: PartSelected
                                             ->  Seq Scan on pt_1_prt_5 pt  (cost=0.00..3.09 rows=3 width=31)
                                       ->  Result  (cost=0.00..3.09 rows=3 width=31)
                                             One-Time Filter: PartSelected
                                             ->  Seq Scan on pt_1_prt_6 pt  (cost=0.00..3.09 rows=3 width=31)
                                 ->  Hash  (cost=1.08..1.08 rows=2 width=19)
                                       ->  Partition Selector for pt (dynamic scan id: 1)  (cost=0.00..1.08 rows=2 width=19)
                                             Filter: dpe_single.t.tid
                                             ->  Broadcast Motion 3:3  (slice1; segments: 3)  (cost=0.00..1.08 rows=2 width=19)
                                                   ->  Seq Scan on t  (cost=0.00..1.02 rows=1 width=19)
                           ->  Hash Join  (cost=1.13..20.88 rows=18 width=50)
                                 Hash Cond: dpe_single.pt.ptid = (dpe_single.t.tid + 2)
                                 ->  Append  (cost=0.00..18.54 rows=18 width=31)
                                       ->  Result  (cost=0.00..3.09 rows=3 width=31)
                                             One-Time Filter: PartSelected
                                             ->  Seq Scan on pt_1_prt_junk_data pt  (cost=0.00..3.09 rows=3 width=31)
                                       ->  Result  (cost=0.00..3.09 rows=3 width=31)
                                             One-Time Filter: PartSelected
                                             ->  Seq Scan on pt_1_prt_2 pt  (cost=0.00..3.09 rows=3 width=31)
                                       ->  Result  (cost=0.00..3.09 rows=3 width=31)
                                             One-Time Filter: PartSelected
                                             ->  Seq Scan on pt_1_prt_3 pt  (cost=0.00..3.09 rows=3 width=31)
                                       ->  Result  (cost=0.00..3.09 rows=3 width=31)
                                             One-Time Filter: PartSelected
                                             ->  Seq Scan on pt_1_prt_4 pt  (cost=0.00..3.09 rows=3 width=31)
                                       ->  Result  (cost=0.00..3.09 rows=3 width=31)
                                             One-Time Filter: PartSelected
                                             ->  Seq Scan on pt_1_prt_5 pt  (cost=0.00..3.09 rows=3 width=31)
                                       ->  Result  (cost=0.00..3.09 rows=3 width=31)
                                             One-Time Filter: PartSelected
                                             ->  Seq Scan on pt_1_prt_6 pt  (cost=0.00..3.09 rows=3 width=31)
                                 ->  Hash  (cost=1.08..1.08 rows=2 width=19)
                                       ->  Partition Selector for pt (dynamic scan id: 1)  (cost=0.00..1.08 rows=2 width=19)
                                             Filter: dpe_single.t.tid + 2
                                             ->  Broadcast Motion 3:3  (slice2; segments: 3)  (cost=0.00..1.08 rows=2 width=19)
                                                   ->  Seq Scan on t  (cost=0.00..1.02 rows=1 width=19)
 Optimizer: legacy query optimizer
(58 rows)

select count(*) from
	( select * from t, pt where tid = ptid
	  union all
	  select * from t, pt where tid + 2 = ptid
	  ) foo;
 count 
-------
    36
(1 row)

--
-- other join types (NL)
--
set enable_hashjoin=off;
set enable_nestloop=on;
set enable_mergejoin=off;
explain select * from t, pt where tid = ptid;
                                                        QUERY PLAN                                                         
---------------------------------------------------------------------------------------------------------------------------
 Gather Motion 3:1  (slice2; segments: 3)  (cost=1.08..24.48 rows=54 width=50)
   ->  Nested Loop  (cost=1.08..24.48 rows=18 width=50)
         Join Filter: t.tid = dpe_single.pt.ptid
         ->  Append  (cost=0.00..18.54 rows=18 width=31)
               ->  Result  (cost=0.00..3.09 rows=3 width=31)
                     One-Time Filter: PartSelected
                     ->  Seq Scan on pt_1_prt_junk_data pt  (cost=0.00..3.09 rows=3 width=31)
               ->  Result  (cost=0.00..3.09 rows=3 width=31)
                     One-Time Filter: PartSelected
                     ->  Seq Scan on pt_1_prt_2 pt  (cost=0.00..3.09 rows=3 width=31)
               ->  Result  (cost=0.00..3.09 rows=3 width=31)
                     One-Time Filter: PartSelected
                     ->  Seq Scan on pt_1_prt_3 pt  (cost=0.00..3.09 rows=3 width=31)
               ->  Result  (cost=0.00..3.09 rows=3 width=31)
                     One-Time Filter: PartSelected
                     ->  Seq Scan on pt_1_prt_4 pt  (cost=0.00..3.09 rows=3 width=31)
               ->  Result  (cost=0.00..3.09 rows=3 width=31)
                     One-Time Filter: PartSelected
                     ->  Seq Scan on pt_1_prt_5 pt  (cost=0.00..3.09 rows=3 width=31)
               ->  Result  (cost=0.00..3.09 rows=3 width=31)
                     One-Time Filter: PartSelected
                     ->  Seq Scan on pt_1_prt_6 pt  (cost=0.00..3.09 rows=3 width=31)
         ->  Materialize  (cost=1.08..1.12 rows=2 width=19)
               ->  Partition Selector for pt (dynamic scan id: 1)  (cost=0.00..1.08 rows=2 width=19)
                     Filter: t.tid
                     ->  Broadcast Motion 3:3  (slice1; segments: 3)  (cost=0.00..1.08 rows=2 width=19)
                           ->  Seq Scan on t  (cost=0.00..1.02 rows=1 width=19)
 Settings:  enable_hashjoin=off; enable_mergejoin=off; enable_nestloop=on; gp_segments_for_planner=2; optimizer_segments=2
 Optimizer status: legacy query optimizer
(29 rows)

select * from t, pt where tid = ptid;
 dist | tid |   t1   | t2  | dist |   pt1   |  pt2  |    pt3    | ptid 
------+-----+--------+-----+------+---------+-------+-----------+------
    0 |   0 | hello0 | bar |    0 | hello0  | world | drop this |    0
    0 |   0 | hello0 | bar |    6 | hello6  | world | drop this |    0
    0 |   0 | hello0 | bar |   12 | hello12 | world | drop this |    0
    0 |   0 | hello0 | bar |   18 | hello18 | world | drop this |    0
    0 |   0 | hello0 | bar |   24 | hello24 | world | drop this |    0
    0 |   0 | hello0 | bar |   30 | hello30 | world | drop this |    0
    0 |   0 | hello0 | bar |   36 | hello36 | world | drop this |    0
    0 |   0 | hello0 | bar |   42 | hello42 | world | drop this |    0
    0 |   0 | hello0 | bar |   48 | hello48 | world | drop this |    0
    1 |   1 | hello1 | bar |    1 | hello1  | world | drop this |    1
    1 |   1 | hello1 | bar |    7 | hello7  | world | drop this |    1
    1 |   1 | hello1 | bar |   13 | hello13 | world | drop this |    1
    1 |   1 | hello1 | bar |   19 | hello19 | world | drop this |    1
    1 |   1 | hello1 | bar |   25 | hello25 | world | drop this |    1
    1 |   1 | hello1 | bar |   31 | hello31 | world | drop this |    1
    1 |   1 | hello1 | bar |   37 | hello37 | world | drop this |    1
    1 |   1 | hello1 | bar |   43 | hello43 | world | drop this |    1
    1 |   1 | hello1 | bar |   49 | hello49 | world | drop this |    1
(18 rows)

--
-- index scan
--
set enable_nestloop=on;
set enable_seqscan=off;
set enable_indexscan=on;
set enable_bitmapscan=off;
set enable_hashjoin=off;
explain select * from t, pt where tid = ptid and pt1 = 'hello0';
                                                           QUERY PLAN                                                           
--------------------------------------------------------------------------------------------------------------------------------
 Gather Motion 3:1  (slice2; segments: 3)  (cost=10000000000.00..10000001203.42 rows=6 width=50)
   ->  Nested Loop  (cost=10000000000.00..10000001203.42 rows=2 width=50)
         Join Filter: t.tid = dpe_single.pt.ptid
         ->  Broadcast Motion 3:3  (slice1; segments: 3)  (cost=10000000000.00..10000000001.08 rows=2 width=19)
               ->  Seq Scan on t  (cost=10000000000.00..10000000001.02 rows=1 width=19)
         ->  Materialize  (cost=0.00..1201.99 rows=2 width=31)
               ->  Append  (cost=0.00..1201.96 rows=2 width=31)
                     ->  Index Scan using pt1_idx_1_prt_junk_data on pt_1_prt_junk_data pt  (cost=0.00..200.33 rows=1 width=31)
                           Index Cond: pt1 = 'hello0'::text
                     ->  Index Scan using pt1_idx_1_prt_2 on pt_1_prt_2 pt  (cost=0.00..200.33 rows=1 width=31)
                           Index Cond: pt1 = 'hello0'::text
                     ->  Index Scan using pt1_idx_1_prt_3 on pt_1_prt_3 pt  (cost=0.00..200.33 rows=1 width=31)
                           Index Cond: pt1 = 'hello0'::text
                     ->  Index Scan using pt1_idx_1_prt_4 on pt_1_prt_4 pt  (cost=0.00..200.33 rows=1 width=31)
                           Index Cond: pt1 = 'hello0'::text
                     ->  Index Scan using pt1_idx_1_prt_5 on pt_1_prt_5 pt  (cost=0.00..200.33 rows=1 width=31)
                           Index Cond: pt1 = 'hello0'::text
                     ->  Index Scan using pt1_idx_1_prt_6 on pt_1_prt_6 pt  (cost=0.00..200.33 rows=1 width=31)
                           Index Cond: pt1 = 'hello0'::text
 Optimizer: legacy query optimizer
(20 rows)

select * from t, pt where tid = ptid and pt1 = 'hello0';
 dist | tid |   t1   | t2  | dist |  pt1   |  pt2  |    pt3    | ptid 
------+-----+--------+-----+------+--------+-------+-----------+------
    0 |   0 | hello0 | bar |    0 | hello0 | world | drop this |    0
(1 row)

--
-- NL Index Scan
--
set enable_nestloop=on;
set enable_indexscan=on;
set enable_seqscan=off;
set enable_hashjoin=off;
explain select * from t, pt where tid = ptid;
                                                           QUERY PLAN                                                            
---------------------------------------------------------------------------------------------------------------------------------
 Gather Motion 3:1  (slice2; segments: 3)  (cost=10000000000.00..10000004242.77 rows=54 width=50)
   ->  Nested Loop  (cost=10000000000.00..10000004242.77 rows=18 width=50)
         Join Filter: t.tid = dpe_single.pt.ptid
         ->  Broadcast Motion 3:3  (slice1; segments: 3)  (cost=10000000000.00..10000000001.08 rows=2 width=19)
               ->  Seq Scan on t  (cost=10000000000.00..10000000001.02 rows=1 width=19)
         ->  Materialize  (cost=0.00..4238.58 rows=18 width=31)
               ->  Append  (cost=0.00..4238.31 rows=18 width=31)
                     ->  Index Scan using ptid_idx_1_prt_junk_data on pt_1_prt_junk_data pt  (cost=0.00..706.39 rows=3 width=31)
                     ->  Index Scan using ptid_idx_1_prt_2 on pt_1_prt_2 pt  (cost=0.00..706.39 rows=3 width=31)
                     ->  Index Scan using ptid_idx_1_prt_3 on pt_1_prt_3 pt  (cost=0.00..706.39 rows=3 width=31)
                     ->  Index Scan using ptid_idx_1_prt_4 on pt_1_prt_4 pt  (cost=0.00..706.39 rows=3 width=31)
                     ->  Index Scan using ptid_idx_1_prt_5 on pt_1_prt_5 pt  (cost=0.00..706.39 rows=3 width=31)
                     ->  Index Scan using ptid_idx_1_prt_6 on pt_1_prt_6 pt  (cost=0.00..706.39 rows=3 width=31)
 Optimizer: legacy query optimizer
(14 rows)

select * from t, pt where tid = ptid;
 dist | tid |   t1   | t2  | dist |   pt1   |  pt2  |    pt3    | ptid 
------+-----+--------+-----+------+---------+-------+-----------+------
    1 |   1 | hello1 | bar |   49 | hello49 | world | drop this |    1
    1 |   1 | hello1 | bar |   43 | hello43 | world | drop this |    1
    1 |   1 | hello1 | bar |   37 | hello37 | world | drop this |    1
    1 |   1 | hello1 | bar |   31 | hello31 | world | drop this |    1
    1 |   1 | hello1 | bar |   25 | hello25 | world | drop this |    1
    1 |   1 | hello1 | bar |   19 | hello19 | world | drop this |    1
    1 |   1 | hello1 | bar |   13 | hello13 | world | drop this |    1
    1 |   1 | hello1 | bar |    7 | hello7  | world | drop this |    1
    1 |   1 | hello1 | bar |    1 | hello1  | world | drop this |    1
    0 |   0 | hello0 | bar |   48 | hello48 | world | drop this |    0
    0 |   0 | hello0 | bar |   42 | hello42 | world | drop this |    0
    0 |   0 | hello0 | bar |   36 | hello36 | world | drop this |    0
    0 |   0 | hello0 | bar |   30 | hello30 | world | drop this |    0
    0 |   0 | hello0 | bar |   24 | hello24 | world | drop this |    0
    0 |   0 | hello0 | bar |   18 | hello18 | world | drop this |    0
    0 |   0 | hello0 | bar |   12 | hello12 | world | drop this |    0
    0 |   0 | hello0 | bar |    6 | hello6  | world | drop this |    0
    0 |   0 | hello0 | bar |    0 | hello0  | world | drop this |    0
(18 rows)

--
-- Negative test cases where transform does not apply
--
set enable_indexscan=off;
set enable_seqscan=on;
set enable_hashjoin=on;
set enable_nestloop=off;
explain select * from t, pt where t1 = pt1;
                                            QUERY PLAN                                            
--------------------------------------------------------------------------------------------------
 Gather Motion 3:1  (slice2; segments: 3)  (cost=1.13..20.00 rows=6 width=50)
   ->  Hash Join  (cost=1.13..20.00 rows=2 width=50)
         Hash Cond: dpe_single.pt.pt1 = t.t1
         ->  Append  (cost=0.00..18.54 rows=18 width=31)
               ->  Seq Scan on pt_1_prt_junk_data pt  (cost=0.00..3.09 rows=3 width=31)
               ->  Seq Scan on pt_1_prt_2 pt  (cost=0.00..3.09 rows=3 width=31)
               ->  Seq Scan on pt_1_prt_3 pt  (cost=0.00..3.09 rows=3 width=31)
               ->  Seq Scan on pt_1_prt_4 pt  (cost=0.00..3.09 rows=3 width=31)
               ->  Seq Scan on pt_1_prt_5 pt  (cost=0.00..3.09 rows=3 width=31)
               ->  Seq Scan on pt_1_prt_6 pt  (cost=0.00..3.09 rows=3 width=31)
         ->  Hash  (cost=1.08..1.08 rows=2 width=19)
               ->  Broadcast Motion 3:3  (slice1; segments: 3)  (cost=0.00..1.08 rows=2 width=19)
                     ->  Seq Scan on t  (cost=0.00..1.02 rows=1 width=19)
 Optimizer: legacy query optimizer
(14 rows)

select * from t, pt where t1 = pt1;
 dist | tid |   t1   | t2  | dist |  pt1   |  pt2  |    pt3    | ptid 
------+-----+--------+-----+------+--------+-------+-----------+------
    0 |   0 | hello0 | bar |    0 | hello0 | world | drop this |    0
    1 |   1 | hello1 | bar |    1 | hello1 | world | drop this |    1
(2 rows)

explain select * from t, pt where tid < ptid;
                                            QUERY PLAN                                            
--------------------------------------------------------------------------------------------------
 Gather Motion 3:1  (slice2; segments: 3)  (cost=10000000000.00..10000000023.00 rows=36 width=50)
   ->  Nested Loop  (cost=10000000000.00..10000000023.00 rows=12 width=50)
         Join Filter: t.tid < dpe_single.pt.ptid
         ->  Broadcast Motion 3:3  (slice1; segments: 3)  (cost=0.00..1.08 rows=2 width=19)
               ->  Seq Scan on t  (cost=0.00..1.02 rows=1 width=19)
         ->  Materialize  (cost=0.00..18.81 rows=18 width=31)
               ->  Append  (cost=0.00..18.54 rows=18 width=31)
                     ->  Seq Scan on pt_1_prt_junk_data pt  (cost=0.00..3.09 rows=3 width=31)
                     ->  Seq Scan on pt_1_prt_2 pt  (cost=0.00..3.09 rows=3 width=31)
                     ->  Seq Scan on pt_1_prt_3 pt  (cost=0.00..3.09 rows=3 width=31)
                     ->  Seq Scan on pt_1_prt_4 pt  (cost=0.00..3.09 rows=3 width=31)
                     ->  Seq Scan on pt_1_prt_5 pt  (cost=0.00..3.09 rows=3 width=31)
                     ->  Seq Scan on pt_1_prt_6 pt  (cost=0.00..3.09 rows=3 width=31)
 Optimizer: legacy query optimizer
(14 rows)

select * from t, pt where tid < ptid;
 dist | tid |   t1   | t2  | dist |   pt1   |  pt2  |    pt3    | ptid 
------+-----+--------+-----+------+---------+-------+-----------+------
    0 |   0 | hello0 | bar |    5 | hello5  | world | drop this |    5
    1 |   1 | hello1 | bar |    5 | hello5  | world | drop this |    5
    0 |   0 | hello0 | bar |   11 | hello11 | world | drop this |    5
    1 |   1 | hello1 | bar |   11 | hello11 | world | drop this |    5
    0 |   0 | hello0 | bar |   17 | hello17 | world | drop this |    5
    1 |   1 | hello1 | bar |   17 | hello17 | world | drop this |    5
    0 |   0 | hello0 | bar |   23 | hello23 | world | drop this |    5
    1 |   1 | hello1 | bar |   23 | hello23 | world | drop this |    5
    0 |   0 | hello0 | bar |   29 | hello29 | world | drop this |    5
    1 |   1 | hello1 | bar |   29 | hello29 | world | drop this |    5
    0 |   0 | hello0 | bar |   35 | hello35 | world | drop this |    5
    1 |   1 | hello1 | bar |   35 | hello35 | world | drop this |    5
    0 |   0 | hello0 | bar |   41 | hello41 | world | drop this |    5
    1 |   1 | hello1 | bar |   41 | hello41 | world | drop this |    5
    0 |   0 | hello0 | bar |   47 | hello47 | world | drop this |    5
    1 |   1 | hello1 | bar |   47 | hello47 | world | drop this |    5
    0 |   0 | hello0 | bar |   53 | hello53 | world | drop this |    5
    1 |   1 | hello1 | bar |   53 | hello53 | world | drop this |    5
    0 |   0 | hello0 | bar |    1 | hello1  | world | drop this |    1
    0 |   0 | hello0 | bar |    7 | hello7  | world | drop this |    1
    0 |   0 | hello0 | bar |   13 | hello13 | world | drop this |    1
    0 |   0 | hello0 | bar |   19 | hello19 | world | drop this |    1
    0 |   0 | hello0 | bar |   25 | hello25 | world | drop this |    1
    0 |   0 | hello0 | bar |   31 | hello31 | world | drop this |    1
    0 |   0 | hello0 | bar |   37 | hello37 | world | drop this |    1
    0 |   0 | hello0 | bar |   43 | hello43 | world | drop this |    1
    0 |   0 | hello0 | bar |   49 | hello49 | world | drop this |    1
    0 |   0 | hello0 | bar |    3 | hello3  | world | drop this |    3
    1 |   1 | hello1 | bar |    3 | hello3  | world | drop this |    3
    0 |   0 | hello0 | bar |    9 | hello9  | world | drop this |    3
    1 |   1 | hello1 | bar |    9 | hello9  | world | drop this |    3
    0 |   0 | hello0 | bar |   15 | hello15 | world | drop this |    3
    1 |   1 | hello1 | bar |   15 | hello15 | world | drop this |    3
    0 |   0 | hello0 | bar |   21 | hello21 | world | drop this |    3
    1 |   1 | hello1 | bar |   21 | hello21 | world | drop this |    3
    0 |   0 | hello0 | bar |   27 | hello27 | world | drop this |    3
    1 |   1 | hello1 | bar |   27 | hello27 | world | drop this |    3
    0 |   0 | hello0 | bar |   33 | hello33 | world | drop this |    3
    1 |   1 | hello1 | bar |   33 | hello33 | world | drop this |    3
    0 |   0 | hello0 | bar |   39 | hello39 | world | drop this |    3
    1 |   1 | hello1 | bar |   39 | hello39 | world | drop this |    3
    0 |   0 | hello0 | bar |   45 | hello45 | world | drop this |    3
    1 |   1 | hello1 | bar |   45 | hello45 | world | drop this |    3
    0 |   0 | hello0 | bar |   51 | hello51 | world | drop this |    3
    1 |   1 | hello1 | bar |   51 | hello51 | world | drop this |    3
    0 |   0 | hello0 | bar |    2 | hello2  | world | drop this |    2
    1 |   1 | hello1 | bar |    2 | hello2  | world | drop this |    2
    0 |   0 | hello0 | bar |    8 | hello8  | world | drop this |    2
    1 |   1 | hello1 | bar |    8 | hello8  | world | drop this |    2
    0 |   0 | hello0 | bar |   14 | hello14 | world | drop this |    2
    1 |   1 | hello1 | bar |   14 | hello14 | world | drop this |    2
    0 |   0 | hello0 | bar |   20 | hello20 | world | drop this |    2
    1 |   1 | hello1 | bar |   20 | hello20 | world | drop this |    2
    0 |   0 | hello0 | bar |   26 | hello26 | world | drop this |    2
    1 |   1 | hello1 | bar |   26 | hello26 | world | drop this |    2
    0 |   0 | hello0 | bar |   32 | hello32 | world | drop this |    2
    1 |   1 | hello1 | bar |   32 | hello32 | world | drop this |    2
    0 |   0 | hello0 | bar |   38 | hello38 | world | drop this |    2
    1 |   1 | hello1 | bar |   38 | hello38 | world | drop this |    2
    0 |   0 | hello0 | bar |   44 | hello44 | world | drop this |    2
    1 |   1 | hello1 | bar |   44 | hello44 | world | drop this |    2
    0 |   0 | hello0 | bar |   50 | hello50 | world | drop this |    2
    1 |   1 | hello1 | bar |   50 | hello50 | world | drop this |    2
    0 |   0 | hello0 | bar |    4 | hello4  | world | drop this |    4
    1 |   1 | hello1 | bar |    4 | hello4  | world | drop this |    4
    0 |   0 | hello0 | bar |   10 | hello10 | world | drop this |    4
    1 |   1 | hello1 | bar |   10 | hello10 | world | drop this |    4
    0 |   0 | hello0 | bar |   16 | hello16 | world | drop this |    4
    1 |   1 | hello1 | bar |   16 | hello16 | world | drop this |    4
    0 |   0 | hello0 | bar |   22 | hello22 | world | drop this |    4
    1 |   1 | hello1 | bar |   22 | hello22 | world | drop this |    4
    0 |   0 | hello0 | bar |   28 | hello28 | world | drop this |    4
    1 |   1 | hello1 | bar |   28 | hello28 | world | drop this |    4
    0 |   0 | hello0 | bar |   34 | hello34 | world | drop this |    4
    1 |   1 | hello1 | bar |   34 | hello34 | world | drop this |    4
    0 |   0 | hello0 | bar |   40 | hello40 | world | drop this |    4
    1 |   1 | hello1 | bar |   40 | hello40 | world | drop this |    4
    0 |   0 | hello0 | bar |   46 | hello46 | world | drop this |    4
    1 |   1 | hello1 | bar |   46 | hello46 | world | drop this |    4
    0 |   0 | hello0 | bar |   52 | hello52 | world | drop this |    4
    1 |   1 | hello1 | bar |   52 | hello52 | world | drop this |    4
(81 rows)

--
-- cascading joins
--
explain select * from t, t1, pt where t1.t2 = t.t2 and t1.tid = ptid;
                                                        QUERY PLAN                                                        
--------------------------------------------------------------------------------------------------------------------------
 Gather Motion 3:1  (slice3; segments: 3)  (cost=2.43..22.45 rows=108 width=69)
   ->  Hash Join  (cost=2.43..22.45 rows=36 width=69)
         Hash Cond: dpe_single.pt.ptid = t1.tid
         ->  Append  (cost=0.00..18.54 rows=18 width=31)
               ->  Result  (cost=0.00..3.09 rows=3 width=31)
                     One-Time Filter: PartSelected
                     ->  Seq Scan on pt_1_prt_junk_data pt  (cost=0.00..3.09 rows=3 width=31)
               ->  Result  (cost=0.00..3.09 rows=3 width=31)
                     One-Time Filter: PartSelected
                     ->  Seq Scan on pt_1_prt_2 pt  (cost=0.00..3.09 rows=3 width=31)
               ->  Result  (cost=0.00..3.09 rows=3 width=31)
                     One-Time Filter: PartSelected
                     ->  Seq Scan on pt_1_prt_3 pt  (cost=0.00..3.09 rows=3 width=31)
               ->  Result  (cost=0.00..3.09 rows=3 width=31)
                     One-Time Filter: PartSelected
                     ->  Seq Scan on pt_1_prt_4 pt  (cost=0.00..3.09 rows=3 width=31)
               ->  Result  (cost=0.00..3.09 rows=3 width=31)
                     One-Time Filter: PartSelected
                     ->  Seq Scan on pt_1_prt_5 pt  (cost=0.00..3.09 rows=3 width=31)
               ->  Result  (cost=0.00..3.09 rows=3 width=31)
                     One-Time Filter: PartSelected
                     ->  Seq Scan on pt_1_prt_6 pt  (cost=0.00..3.09 rows=3 width=31)
         ->  Hash  (cost=2.33..2.33 rows=3 width=38)
               ->  Partition Selector for pt (dynamic scan id: 1)  (cost=1.13..2.33 rows=3 width=38)
                     Filter: t1.tid
                     ->  Broadcast Motion 3:3  (slice2; segments: 3)  (cost=1.13..2.33 rows=3 width=38)
                           ->  Hash Join  (cost=1.13..2.21 rows=2 width=38)
                                 Hash Cond: t.t2 = t1.t2
                                 ->  Seq Scan on t  (cost=0.00..1.02 rows=1 width=19)
                                 ->  Hash  (cost=1.08..1.08 rows=2 width=19)
                                       ->  Broadcast Motion 3:3  (slice1; segments: 3)  (cost=0.00..1.08 rows=2 width=19)
                                             ->  Seq Scan on t1  (cost=0.00..1.02 rows=1 width=19)
 Optimizer: legacy query optimizer
(33 rows)

select * from t, t1, pt where t1.t2 = t.t2 and t1.tid = ptid;
 dist | tid |   t1   | t2  | dist | tid |   t1   | t2  | dist |   pt1   |  pt2  |    pt3    | ptid 
------+-----+--------+-----+------+-----+--------+-----+------+---------+-------+-----------+------
    1 |   1 | hello1 | bar |    1 |   1 | hello1 | bar |    1 | hello1  | world | drop this |    1
    0 |   0 | hello0 | bar |    1 |   1 | hello1 | bar |    1 | hello1  | world | drop this |    1
    1 |   1 | hello1 | bar |    1 |   1 | hello1 | bar |    7 | hello7  | world | drop this |    1
    0 |   0 | hello0 | bar |    1 |   1 | hello1 | bar |    7 | hello7  | world | drop this |    1
    1 |   1 | hello1 | bar |    1 |   1 | hello1 | bar |   13 | hello13 | world | drop this |    1
    0 |   0 | hello0 | bar |    1 |   1 | hello1 | bar |   13 | hello13 | world | drop this |    1
    1 |   1 | hello1 | bar |    1 |   1 | hello1 | bar |   19 | hello19 | world | drop this |    1
    0 |   0 | hello0 | bar |    1 |   1 | hello1 | bar |   19 | hello19 | world | drop this |    1
    1 |   1 | hello1 | bar |    1 |   1 | hello1 | bar |   25 | hello25 | world | drop this |    1
    0 |   0 | hello0 | bar |    1 |   1 | hello1 | bar |   25 | hello25 | world | drop this |    1
    1 |   1 | hello1 | bar |    1 |   1 | hello1 | bar |   31 | hello31 | world | drop this |    1
    0 |   0 | hello0 | bar |    1 |   1 | hello1 | bar |   31 | hello31 | world | drop this |    1
    1 |   1 | hello1 | bar |    1 |   1 | hello1 | bar |   37 | hello37 | world | drop this |    1
    0 |   0 | hello0 | bar |    1 |   1 | hello1 | bar |   37 | hello37 | world | drop this |    1
    1 |   1 | hello1 | bar |    1 |   1 | hello1 | bar |   43 | hello43 | world | drop this |    1
    0 |   0 | hello0 | bar |    1 |   1 | hello1 | bar |   43 | hello43 | world | drop this |    1
    1 |   1 | hello1 | bar |    1 |   1 | hello1 | bar |   49 | hello49 | world | drop this |    1
    0 |   0 | hello0 | bar |    1 |   1 | hello1 | bar |   49 | hello49 | world | drop this |    1
    1 |   1 | hello1 | bar |    0 |   0 | hello0 | bar |    0 | hello0  | world | drop this |    0
    0 |   0 | hello0 | bar |    0 |   0 | hello0 | bar |    0 | hello0  | world | drop this |    0
    1 |   1 | hello1 | bar |    0 |   0 | hello0 | bar |    6 | hello6  | world | drop this |    0
    0 |   0 | hello0 | bar |    0 |   0 | hello0 | bar |    6 | hello6  | world | drop this |    0
    1 |   1 | hello1 | bar |    0 |   0 | hello0 | bar |   12 | hello12 | world | drop this |    0
    0 |   0 | hello0 | bar |    0 |   0 | hello0 | bar |   12 | hello12 | world | drop this |    0
    1 |   1 | hello1 | bar |    0 |   0 | hello0 | bar |   18 | hello18 | world | drop this |    0
    0 |   0 | hello0 | bar |    0 |   0 | hello0 | bar |   18 | hello18 | world | drop this |    0
    1 |   1 | hello1 | bar |    0 |   0 | hello0 | bar |   24 | hello24 | world | drop this |    0
    0 |   0 | hello0 | bar |    0 |   0 | hello0 | bar |   24 | hello24 | world | drop this |    0
    1 |   1 | hello1 | bar |    0 |   0 | hello0 | bar |   30 | hello30 | world | drop this |    0
    0 |   0 | hello0 | bar |    0 |   0 | hello0 | bar |   30 | hello30 | world | drop this |    0
    1 |   1 | hello1 | bar |    0 |   0 | hello0 | bar |   36 | hello36 | world | drop this |    0
    0 |   0 | hello0 | bar |    0 |   0 | hello0 | bar |   36 | hello36 | world | drop this |    0
    1 |   1 | hello1 | bar |    0 |   0 | hello0 | bar |   42 | hello42 | world | drop this |    0
    0 |   0 | hello0 | bar |    0 |   0 | hello0 | bar |   42 | hello42 | world | drop this |    0
    1 |   1 | hello1 | bar |    0 |   0 | hello0 | bar |   48 | hello48 | world | drop this |    0
    0 |   0 | hello0 | bar |    0 |   0 | hello0 | bar |   48 | hello48 | world | drop this |    0
(36 rows)

--
-- explain analyze
--
explain analyze select * from t, pt where tid = ptid;
                                                                    QUERY PLAN                                                                    
--------------------------------------------------------------------------------------------------------------------------------------------------
 Gather Motion 3:1  (slice2; segments: 3)  (cost=1.13..20.48 rows=54 width=50) (actual time=3.847..4.038 rows=18 loops=1)
   ->  Hash Join  (cost=1.13..20.48 rows=18 width=50) (actual time=1.234..3.222 rows=9 loops=1)
         Hash Cond: dpe_single.pt.ptid = t.tid
         (seg0)   Hash chain length 1.0 avg, 1 max, using 2 of 524288 buckets.
         ->  Append  (cost=0.00..18.54 rows=18 width=31) (actual time=0.031..0.059 rows=9 loops=1)
               ->  Result  (cost=0.00..3.09 rows=3 width=31) (never executed)
                     One-Time Filter: PartSelected
                     ->  Seq Scan on pt_1_prt_junk_data pt  (cost=0.00..3.09 rows=3 width=31) (never executed)
               ->  Result  (cost=0.00..3.09 rows=3 width=31) (actual time=0.029..0.034 rows=4 loops=1)
                     One-Time Filter: PartSelected
                     ->  Seq Scan on pt_1_prt_2 pt  (cost=0.00..3.09 rows=3 width=31) (actual time=0.026..0.029 rows=4 loops=1)
               ->  Result  (cost=0.00..3.09 rows=3 width=31) (actual time=0.011..0.017 rows=5 loops=1)
                     One-Time Filter: PartSelected
                     ->  Seq Scan on pt_1_prt_3 pt  (cost=0.00..3.09 rows=3 width=31) (actual time=0.009..0.012 rows=5 loops=1)
               ->  Result  (cost=0.00..3.09 rows=3 width=31) (never executed)
                     One-Time Filter: PartSelected
                     ->  Seq Scan on pt_1_prt_4 pt  (cost=0.00..3.09 rows=3 width=31) (never executed)
               ->  Result  (cost=0.00..3.09 rows=3 width=31) (never executed)
                     One-Time Filter: PartSelected
                     ->  Seq Scan on pt_1_prt_5 pt  (cost=0.00..3.09 rows=3 width=31) (never executed)
               ->  Result  (cost=0.00..3.09 rows=3 width=31) (never executed)
                     One-Time Filter: PartSelected
                     ->  Seq Scan on pt_1_prt_6 pt  (cost=0.00..3.09 rows=3 width=31) (never executed)
         ->  Hash  (cost=1.08..1.08 rows=2 width=19) (actual time=0.715..0.715 rows=2 loops=1)
               ->  Partition Selector for pt (dynamic scan id: 1)  (cost=0.00..1.08 rows=2 width=19) (actual time=0.072..0.707 rows=2 loops=1)
                     Filter: t.tid
                     ->  Broadcast Motion 3:3  (slice1; segments: 3)  (cost=0.00..1.08 rows=2 width=19) (actual time=0.038..0.668 rows=2 loops=1)
                           ->  Seq Scan on t  (cost=0.00..1.02 rows=1 width=19) (actual time=0.056..0.062 rows=2 loops=1)
   (slice0)    Executor memory: 544K bytes.
   (slice1)    Executor memory: 60K bytes avg x 3 workers, 62K bytes max (seg0).
   (slice2)    Executor memory: 4418K bytes avg x 3 workers, 4418K bytes max (seg0).  Work_mem: 1K bytes max.
 Memory used:  128000kB
 Optimizer: legacy query optimizer
 Total runtime: 5.970 ms
(34 rows)

--
-- Partitioned table on both sides of the join. This will create a result node as Append node is
-- not projection capable.
--
explain select * from pt, pt1 where pt.ptid = pt1.ptid and pt.pt1 = 'hello0' order by pt1.dist;
                                              QUERY PLAN                                               
-------------------------------------------------------------------------------------------------------
 Gather Motion 3:1  (slice2; segments: 3)  (cost=42.50..42.73 rows=93 width=62)
   Merge Key: dpe_single.pt1.dist
   ->  Sort  (cost=42.50..42.73 rows=31 width=62)
         Sort Key: dpe_single.pt1.dist
         ->  Hash Join  (cost=19.43..39.47 rows=31 width=62)
               Hash Cond: dpe_single.pt.ptid = dpe_single.pt1.ptid
               ->  Broadcast Motion 3:3  (slice1; segments: 3)  (cost=0.00..18.86 rows=4 width=31)
                     ->  Append  (cost=0.00..18.68 rows=2 width=31)
                           ->  Seq Scan on pt_1_prt_junk_data pt  (cost=0.00..3.11 rows=1 width=31)
                                 Filter: pt1 = 'hello0'::text
                           ->  Seq Scan on pt_1_prt_2 pt  (cost=0.00..3.11 rows=1 width=31)
                                 Filter: pt1 = 'hello0'::text
                           ->  Seq Scan on pt_1_prt_3 pt  (cost=0.00..3.11 rows=1 width=31)
                                 Filter: pt1 = 'hello0'::text
                           ->  Seq Scan on pt_1_prt_4 pt  (cost=0.00..3.11 rows=1 width=31)
                                 Filter: pt1 = 'hello0'::text
                           ->  Seq Scan on pt_1_prt_5 pt  (cost=0.00..3.11 rows=1 width=31)
                                 Filter: pt1 = 'hello0'::text
                           ->  Seq Scan on pt_1_prt_6 pt  (cost=0.00..3.11 rows=1 width=31)
                                 Filter: pt1 = 'hello0'::text
               ->  Hash  (cost=18.08..18.08 rows=36 width=31)
                     ->  Append  (cost=0.00..18.08 rows=36 width=31)
                           ->  Seq Scan on pt1_1_prt_junk_data pt1  (cost=0.00..3.63 rows=21 width=31)
                           ->  Seq Scan on pt1_1_prt_2 pt1  (cost=0.00..3.09 rows=3 width=31)
                           ->  Seq Scan on pt1_1_prt_3 pt1  (cost=0.00..3.09 rows=3 width=31)
                           ->  Seq Scan on pt1_1_prt_4 pt1  (cost=0.00..2.09 rows=3 width=31)
                           ->  Seq Scan on pt1_1_prt_5 pt1  (cost=0.00..3.09 rows=3 width=31)
                           ->  Seq Scan on pt1_1_prt_6 pt1  (cost=0.00..3.09 rows=3 width=31)
 Optimizer: legacy query optimizer
(29 rows)

select * from pt, pt1 where pt.ptid = pt1.ptid and pt.pt1 = 'hello0' order by pt1.dist;
 dist |  pt1   |  pt2  |    pt3    | ptid | dist |   pt1   |  pt2  |    pt3    | ptid 
------+--------+-------+-----------+------+------+---------+-------+-----------+------
    0 | hello0 | world | drop this |    0 |    0 | hello0  | world | drop this |    0
    0 | hello0 | world | drop this |    0 |    6 | hello6  | world | drop this |    0
    0 | hello0 | world | drop this |    0 |   12 | hello12 | world | drop this |    0
    0 | hello0 | world | drop this |    0 |   18 | hello18 | world | drop this |    0
    0 | hello0 | world | drop this |    0 |   24 | hello24 | world | drop this |    0
    0 | hello0 | world | drop this |    0 |   30 | hello30 | world | drop this |    0
    0 | hello0 | world | drop this |    0 |   36 | hello36 | world | drop this |    0
    0 | hello0 | world | drop this |    0 |   42 | hello42 | world | drop this |    0
    0 | hello0 | world | drop this |    0 |   48 | hello48 | world | drop this |    0
(9 rows)

explain select count(*) from pt, pt1 where pt.ptid = pt1.ptid and pt.pt1 = 'hello0';
                                                 QUERY PLAN                                                 
------------------------------------------------------------------------------------------------------------
 Aggregate  (cost=39.76..39.77 rows=1 width=8)
   ->  Gather Motion 3:1  (slice2; segments: 3)  (cost=39.70..39.74 rows=1 width=8)
         ->  Aggregate  (cost=39.70..39.71 rows=1 width=8)
               ->  Hash Join  (cost=19.43..39.47 rows=31 width=0)
                     Hash Cond: dpe_single.pt.ptid = dpe_single.pt1.ptid
                     ->  Broadcast Motion 3:3  (slice1; segments: 3)  (cost=0.00..18.86 rows=4 width=4)
                           ->  Append  (cost=0.00..18.68 rows=2 width=4)
                                 ->  Seq Scan on pt_1_prt_junk_data pt  (cost=0.00..3.11 rows=1 width=4)
                                       Filter: pt1 = 'hello0'::text
                                 ->  Seq Scan on pt_1_prt_2 pt  (cost=0.00..3.11 rows=1 width=4)
                                       Filter: pt1 = 'hello0'::text
                                 ->  Seq Scan on pt_1_prt_3 pt  (cost=0.00..3.11 rows=1 width=4)
                                       Filter: pt1 = 'hello0'::text
                                 ->  Seq Scan on pt_1_prt_4 pt  (cost=0.00..3.11 rows=1 width=4)
                                       Filter: pt1 = 'hello0'::text
                                 ->  Seq Scan on pt_1_prt_5 pt  (cost=0.00..3.11 rows=1 width=4)
                                       Filter: pt1 = 'hello0'::text
                                 ->  Seq Scan on pt_1_prt_6 pt  (cost=0.00..3.11 rows=1 width=4)
                                       Filter: pt1 = 'hello0'::text
                     ->  Hash  (cost=18.08..18.08 rows=36 width=4)
                           ->  Append  (cost=0.00..18.08 rows=36 width=4)
                                 ->  Seq Scan on pt1_1_prt_junk_data pt1  (cost=0.00..3.63 rows=21 width=4)
                                 ->  Seq Scan on pt1_1_prt_2 pt1  (cost=0.00..3.09 rows=3 width=4)
                                 ->  Seq Scan on pt1_1_prt_3 pt1  (cost=0.00..3.09 rows=3 width=4)
                                 ->  Seq Scan on pt1_1_prt_4 pt1  (cost=0.00..2.09 rows=3 width=4)
                                 ->  Seq Scan on pt1_1_prt_5 pt1  (cost=0.00..3.09 rows=3 width=4)
                                 ->  Seq Scan on pt1_1_prt_6 pt1  (cost=0.00..3.09 rows=3 width=4)
 Optimizer: legacy query optimizer
(28 rows)

select count(*) from pt, pt1 where pt.ptid = pt1.ptid and pt.pt1 = 'hello0';
 count 
-------
     9
(1 row)

--
-- Partition Selector under Material in NestLoopJoin inner side
--
drop table if exists pt;
drop table if exists t;
create table t(id int, a int);
NOTICE:  Table doesn't have 'DISTRIBUTED BY' clause -- Using column named 'id' as the Greenplum Database data distribution key for this table.
HINT:  The 'DISTRIBUTED BY' clause determines the distribution of data. Make sure column(s) chosen are the optimal data distribution key to minimize skew.
create table pt(id int, b int) DISTRIBUTED BY (id) PARTITION BY RANGE(b) (START (0) END (5) EVERY (1));
NOTICE:  CREATE TABLE will create partition "pt_1_prt_1" for table "pt"
NOTICE:  CREATE TABLE will create partition "pt_1_prt_2" for table "pt"
NOTICE:  CREATE TABLE will create partition "pt_1_prt_3" for table "pt"
NOTICE:  CREATE TABLE will create partition "pt_1_prt_4" for table "pt"
NOTICE:  CREATE TABLE will create partition "pt_1_prt_5" for table "pt"
insert into t select i, i from generate_series(0,4) i;
insert into pt select i, i from generate_series(0,4) i;
analyze t;
analyze pt;
begin;
set enable_hashjoin=off;
set enable_seqscan=on;
set enable_nestloop=on;
explain select * from t, pt where a = b;
                                           QUERY PLAN                                            
-------------------------------------------------------------------------------------------------
 Gather Motion 3:1  (slice2; segments: 3)  (cost=0.00..8.02 rows=5 width=16)
   ->  Nested Loop  (cost=0.00..8.02 rows=2 width=16)
         Join Filter: t.a = dpe_single.pt.b
         ->  Seq Scan on t  (cost=0.00..2.05 rows=2 width=8)
         ->  Materialize  (cost=0.00..5.25 rows=4 width=8)
               ->  Broadcast Motion 3:3  (slice1; segments: 3)  (cost=0.00..5.20 rows=4 width=8)
                     ->  Append  (cost=0.00..5.05 rows=2 width=8)
                           ->  Seq Scan on pt_1_prt_1 pt  (cost=0.00..1.01 rows=1 width=8)
                           ->  Seq Scan on pt_1_prt_2 pt  (cost=0.00..1.01 rows=1 width=8)
                           ->  Seq Scan on pt_1_prt_3 pt  (cost=0.00..1.01 rows=1 width=8)
                           ->  Seq Scan on pt_1_prt_4 pt  (cost=0.00..1.01 rows=1 width=8)
                           ->  Seq Scan on pt_1_prt_5 pt  (cost=0.00..1.01 rows=1 width=8)
 Optimizer: legacy query optimizer
(13 rows)

select * from t, pt where a = b;
 id | a | id | b 
----+---+----+---
  3 | 3 |  3 | 3
  4 | 4 |  4 | 4
  0 | 0 |  0 | 0
  1 | 1 |  1 | 1
  2 | 2 |  2 | 2
(5 rows)

rollback;
--
-- partition selector with 0 tuples and 0 matched partitions
--
drop table if exists t;
drop table if exists pt;
create table t(a int);
NOTICE:  Table doesn't have 'DISTRIBUTED BY' clause -- Using column named 'a' as the Greenplum Database data distribution key for this table.
HINT:  The 'DISTRIBUTED BY' clause determines the distribution of data. Make sure column(s) chosen are the optimal data distribution key to minimize skew.
create table pt(b int) DISTRIBUTED BY (b) PARTITION BY RANGE(b)
(START (0) END (5) EVERY (1));
NOTICE:  CREATE TABLE will create partition "pt_1_prt_1" for table "pt"
NOTICE:  CREATE TABLE will create partition "pt_1_prt_2" for table "pt"
NOTICE:  CREATE TABLE will create partition "pt_1_prt_3" for table "pt"
NOTICE:  CREATE TABLE will create partition "pt_1_prt_4" for table "pt"
NOTICE:  CREATE TABLE will create partition "pt_1_prt_5" for table "pt"
begin;
set enable_hashjoin=off; -- foring nestloop join
set enable_nestloop=on;
set enable_seqscan=on;
-- 7 in seg1, 8 in seg2, no data in seg0
insert into t select i from generate_series(7,8) i;
-- 0~2 in seg0, 3~4 in seg 1, no data in seg2
insert into pt select i from generate_series(0,4) i;
analyze t;
analyze pt;
explain select * from t, pt where a = b;
                                                                                        QUERY PLAN                                                                                         
-------------------------------------------------------------------------------------------------------------------------------------------------------------------------------------------
 Gather Motion 3:1  (slice1; segments: 3)  (cost=2.02..7.30 rows=4 width=8)
   ->  Nested Loop  (cost=2.02..7.30 rows=2 width=8)
         Join Filter: t.a = dpe_single.pt.b
         ->  Append  (cost=0.00..5.05 rows=2 width=4)
               ->  Result  (cost=0.00..1.01 rows=1 width=4)
                     One-Time Filter: PartSelected
                     ->  Seq Scan on pt_1_prt_1 pt  (cost=0.00..1.01 rows=1 width=4)
               ->  Result  (cost=0.00..1.01 rows=1 width=4)
                     One-Time Filter: PartSelected
                     ->  Seq Scan on pt_1_prt_2 pt  (cost=0.00..1.01 rows=1 width=4)
               ->  Result  (cost=0.00..1.01 rows=1 width=4)
                     One-Time Filter: PartSelected
                     ->  Seq Scan on pt_1_prt_3 pt  (cost=0.00..1.01 rows=1 width=4)
               ->  Result  (cost=0.00..1.01 rows=1 width=4)
                     One-Time Filter: PartSelected
                     ->  Seq Scan on pt_1_prt_4 pt  (cost=0.00..1.01 rows=1 width=4)
               ->  Result  (cost=0.00..1.01 rows=1 width=4)
                     One-Time Filter: PartSelected
                     ->  Seq Scan on pt_1_prt_5 pt  (cost=0.00..1.01 rows=1 width=4)
         ->  Materialize  (cost=2.02..2.04 rows=1 width=4)
               ->  Partition Selector for pt (dynamic scan id: 1)  (cost=0.00..2.02 rows=1 width=4)
                     Filter: t.a
                     ->  Seq Scan on t  (cost=0.00..2.02 rows=1 width=4)
 Optimizer: legacy query optimizer
(24 rows)

select * from t, pt where a = b;
 a | b 
---+---
(0 rows)

rollback;
--
-- Multi-level partitions
--
drop schema if exists dpe_multi cascade;
NOTICE:  schema "dpe_multi" does not exist, skipping
create schema dpe_multi;
set search_path='dpe_multi';
set gp_segments_for_planner=2;
set optimizer_segments=2;
create table dim1(dist int, pid int, code text, t1 text);
NOTICE:  Table doesn't have 'DISTRIBUTED BY' clause -- Using column named 'dist' as the Greenplum Database data distribution key for this table.
HINT:  The 'DISTRIBUTED BY' clause determines the distribution of data. Make sure column(s) chosen are the optimal data distribution key to minimize skew.
insert into dim1 values (1, 0, 'OH', 'world1');
insert into dim1 values (1, 1, 'OH', 'world2');
insert into dim1 values (1, 100, 'GA', 'world2'); -- should not have a match at all
create table fact1(dist int, pid int, code text, u int)
partition by range(pid)
subpartition by list(code)
subpartition template 
(
 subpartition ca values('CA'),
 subpartition oh values('OH'),
 subpartition wa values('WA')
)
(
 start (0)
 end (4) 
 every (1)
);
NOTICE:  Table doesn't have 'DISTRIBUTED BY' clause -- Using column named 'dist' as the Greenplum Database data distribution key for this table.
HINT:  The 'DISTRIBUTED BY' clause determines the distribution of data. Make sure column(s) chosen are the optimal data distribution key to minimize skew.
NOTICE:  CREATE TABLE will create partition "fact1_1_prt_1" for table "fact1"
NOTICE:  CREATE TABLE will create partition "fact1_1_prt_2" for table "fact1"
NOTICE:  CREATE TABLE will create partition "fact1_1_prt_3" for table "fact1"
NOTICE:  CREATE TABLE will create partition "fact1_1_prt_4" for table "fact1"
NOTICE:  CREATE TABLE will create partition "fact1_1_prt_1_2_prt_ca" for table "fact1_1_prt_1"
NOTICE:  CREATE TABLE will create partition "fact1_1_prt_1_2_prt_oh" for table "fact1_1_prt_1"
NOTICE:  CREATE TABLE will create partition "fact1_1_prt_1_2_prt_wa" for table "fact1_1_prt_1"
NOTICE:  CREATE TABLE will create partition "fact1_1_prt_2_2_prt_ca" for table "fact1_1_prt_2"
NOTICE:  CREATE TABLE will create partition "fact1_1_prt_2_2_prt_oh" for table "fact1_1_prt_2"
NOTICE:  CREATE TABLE will create partition "fact1_1_prt_2_2_prt_wa" for table "fact1_1_prt_2"
NOTICE:  CREATE TABLE will create partition "fact1_1_prt_3_2_prt_ca" for table "fact1_1_prt_3"
NOTICE:  CREATE TABLE will create partition "fact1_1_prt_3_2_prt_oh" for table "fact1_1_prt_3"
NOTICE:  CREATE TABLE will create partition "fact1_1_prt_3_2_prt_wa" for table "fact1_1_prt_3"
NOTICE:  CREATE TABLE will create partition "fact1_1_prt_4_2_prt_ca" for table "fact1_1_prt_4"
NOTICE:  CREATE TABLE will create partition "fact1_1_prt_4_2_prt_oh" for table "fact1_1_prt_4"
NOTICE:  CREATE TABLE will create partition "fact1_1_prt_4_2_prt_wa" for table "fact1_1_prt_4"
insert into fact1 select 1, i % 4 , 'OH', i from generate_series (1,100) i;
insert into fact1 select 1, i % 4 , 'CA', i + 10000 from generate_series (1,100) i;
--
-- Join on all partitioning columns
--
set gp_dynamic_partition_pruning=off;
explain select * from dim1 inner join fact1 on (dim1.pid=fact1.pid and dim1.code=fact1.code) order by fact1.u;
                                                                                                         QUERY PLAN                                                                                                          
-----------------------------------------------------------------------------------------------------------------------------------------------------------------------------------------------------------------------------
 Gather Motion 3:1  (slice2; segments: 3)  (cost=9157.67..9157.72 rows=20 width=62)
   Merge Key: dpe_multi.fact1.u
   ->  Sort  (cost=9157.67..9157.72 rows=7 width=62)
         Sort Key: dpe_multi.fact1.u
         ->  Hash Join  (cost=1.07..9157.27 rows=7 width=62)
               Hash Cond: dpe_multi.fact1.pid = dim1.pid AND dpe_multi.fact1.code = dim1.code
               ->  Append  (cost=0.00..6504.00 rows=176800 width=44)
                     ->  Seq Scan on fact1_1_prt_1_2_prt_ca fact1  (cost=0.00..542.00 rows=14734 width=44)
                     ->  Seq Scan on fact1_1_prt_1_2_prt_oh fact1  (cost=0.00..542.00 rows=14734 width=44)
                     ->  Seq Scan on fact1_1_prt_1_2_prt_wa fact1  (cost=0.00..542.00 rows=14734 width=44)
                     ->  Seq Scan on fact1_1_prt_2_2_prt_ca fact1  (cost=0.00..542.00 rows=14734 width=44)
                     ->  Seq Scan on fact1_1_prt_2_2_prt_oh fact1  (cost=0.00..542.00 rows=14734 width=44)
                     ->  Seq Scan on fact1_1_prt_2_2_prt_wa fact1  (cost=0.00..542.00 rows=14734 width=44)
                     ->  Seq Scan on fact1_1_prt_3_2_prt_ca fact1  (cost=0.00..542.00 rows=14734 width=44)
                     ->  Seq Scan on fact1_1_prt_3_2_prt_oh fact1  (cost=0.00..542.00 rows=14734 width=44)
                     ->  Seq Scan on fact1_1_prt_3_2_prt_wa fact1  (cost=0.00..542.00 rows=14734 width=44)
                     ->  Seq Scan on fact1_1_prt_4_2_prt_ca fact1  (cost=0.00..542.00 rows=14734 width=44)
                     ->  Seq Scan on fact1_1_prt_4_2_prt_oh fact1  (cost=0.00..542.00 rows=14734 width=44)
                     ->  Seq Scan on fact1_1_prt_4_2_prt_wa fact1  (cost=0.00..542.00 rows=14734 width=44)
               ->  Hash  (cost=1.04..1.04 rows=1 width=18)
                     ->  Broadcast Motion 3:3  (slice1; segments: 3)  (cost=0.00..1.04 rows=1 width=18)
                           ->  Seq Scan on dim1  (cost=0.00..1.01 rows=1 width=18)
 Optimizer: legacy query optimizer
(23 rows)

select * from dim1 inner join fact1 on (dim1.pid=fact1.pid and dim1.code=fact1.code) order by fact1.u;
 dist | pid | code |   t1   | dist | pid | code |  u  
------+-----+------+--------+------+-----+------+-----
    1 |   1 | OH   | world2 |    1 |   1 | OH   |   1
    1 |   0 | OH   | world1 |    1 |   0 | OH   |   4
    1 |   1 | OH   | world2 |    1 |   1 | OH   |   5
    1 |   0 | OH   | world1 |    1 |   0 | OH   |   8
    1 |   1 | OH   | world2 |    1 |   1 | OH   |   9
    1 |   0 | OH   | world1 |    1 |   0 | OH   |  12
    1 |   1 | OH   | world2 |    1 |   1 | OH   |  13
    1 |   0 | OH   | world1 |    1 |   0 | OH   |  16
    1 |   1 | OH   | world2 |    1 |   1 | OH   |  17
    1 |   0 | OH   | world1 |    1 |   0 | OH   |  20
    1 |   1 | OH   | world2 |    1 |   1 | OH   |  21
    1 |   0 | OH   | world1 |    1 |   0 | OH   |  24
    1 |   1 | OH   | world2 |    1 |   1 | OH   |  25
    1 |   0 | OH   | world1 |    1 |   0 | OH   |  28
    1 |   1 | OH   | world2 |    1 |   1 | OH   |  29
    1 |   0 | OH   | world1 |    1 |   0 | OH   |  32
    1 |   1 | OH   | world2 |    1 |   1 | OH   |  33
    1 |   0 | OH   | world1 |    1 |   0 | OH   |  36
    1 |   1 | OH   | world2 |    1 |   1 | OH   |  37
    1 |   0 | OH   | world1 |    1 |   0 | OH   |  40
    1 |   1 | OH   | world2 |    1 |   1 | OH   |  41
    1 |   0 | OH   | world1 |    1 |   0 | OH   |  44
    1 |   1 | OH   | world2 |    1 |   1 | OH   |  45
    1 |   0 | OH   | world1 |    1 |   0 | OH   |  48
    1 |   1 | OH   | world2 |    1 |   1 | OH   |  49
    1 |   0 | OH   | world1 |    1 |   0 | OH   |  52
    1 |   1 | OH   | world2 |    1 |   1 | OH   |  53
    1 |   0 | OH   | world1 |    1 |   0 | OH   |  56
    1 |   1 | OH   | world2 |    1 |   1 | OH   |  57
    1 |   0 | OH   | world1 |    1 |   0 | OH   |  60
    1 |   1 | OH   | world2 |    1 |   1 | OH   |  61
    1 |   0 | OH   | world1 |    1 |   0 | OH   |  64
    1 |   1 | OH   | world2 |    1 |   1 | OH   |  65
    1 |   0 | OH   | world1 |    1 |   0 | OH   |  68
    1 |   1 | OH   | world2 |    1 |   1 | OH   |  69
    1 |   0 | OH   | world1 |    1 |   0 | OH   |  72
    1 |   1 | OH   | world2 |    1 |   1 | OH   |  73
    1 |   0 | OH   | world1 |    1 |   0 | OH   |  76
    1 |   1 | OH   | world2 |    1 |   1 | OH   |  77
    1 |   0 | OH   | world1 |    1 |   0 | OH   |  80
    1 |   1 | OH   | world2 |    1 |   1 | OH   |  81
    1 |   0 | OH   | world1 |    1 |   0 | OH   |  84
    1 |   1 | OH   | world2 |    1 |   1 | OH   |  85
    1 |   0 | OH   | world1 |    1 |   0 | OH   |  88
    1 |   1 | OH   | world2 |    1 |   1 | OH   |  89
    1 |   0 | OH   | world1 |    1 |   0 | OH   |  92
    1 |   1 | OH   | world2 |    1 |   1 | OH   |  93
    1 |   0 | OH   | world1 |    1 |   0 | OH   |  96
    1 |   1 | OH   | world2 |    1 |   1 | OH   |  97
    1 |   0 | OH   | world1 |    1 |   0 | OH   | 100
(50 rows)

set gp_dynamic_partition_pruning=on;
explain select * from dim1 inner join fact1 on (dim1.pid=fact1.pid and dim1.code=fact1.code) order by fact1.u;
                                                                                                         QUERY PLAN                                                                                                         
----------------------------------------------------------------------------------------------------------------------------------------------------------------------------------------------------------------------------
 Gather Motion 3:1  (slice2; segments: 3)  (cost=9157.67..9157.72 rows=20 width=62)
   Merge Key: dpe_multi.fact1.u
   ->  Sort  (cost=9157.67..9157.72 rows=7 width=62)
         Sort Key: dpe_multi.fact1.u
         ->  Hash Join  (cost=1.07..9157.27 rows=7 width=62)
               Hash Cond: dpe_multi.fact1.pid = dim1.pid AND dpe_multi.fact1.code = dim1.code
               ->  Append  (cost=0.00..6504.00 rows=176800 width=44)
                     ->  Result  (cost=0.00..542.00 rows=14734 width=44)
                           One-Time Filter: PartSelected
                           ->  Seq Scan on fact1_1_prt_1_2_prt_ca fact1  (cost=0.00..542.00 rows=14734 width=44)
                     ->  Result  (cost=0.00..542.00 rows=14734 width=44)
                           One-Time Filter: PartSelected
                           ->  Seq Scan on fact1_1_prt_1_2_prt_oh fact1  (cost=0.00..542.00 rows=14734 width=44)
                     ->  Result  (cost=0.00..542.00 rows=14734 width=44)
                           One-Time Filter: PartSelected
                           ->  Seq Scan on fact1_1_prt_1_2_prt_wa fact1  (cost=0.00..542.00 rows=14734 width=44)
                     ->  Result  (cost=0.00..542.00 rows=14734 width=44)
                           One-Time Filter: PartSelected
                           ->  Seq Scan on fact1_1_prt_2_2_prt_ca fact1  (cost=0.00..542.00 rows=14734 width=44)
                     ->  Result  (cost=0.00..542.00 rows=14734 width=44)
                           One-Time Filter: PartSelected
                           ->  Seq Scan on fact1_1_prt_2_2_prt_oh fact1  (cost=0.00..542.00 rows=14734 width=44)
                     ->  Result  (cost=0.00..542.00 rows=14734 width=44)
                           One-Time Filter: PartSelected
                           ->  Seq Scan on fact1_1_prt_2_2_prt_wa fact1  (cost=0.00..542.00 rows=14734 width=44)
                     ->  Result  (cost=0.00..542.00 rows=14734 width=44)
                           One-Time Filter: PartSelected
                           ->  Seq Scan on fact1_1_prt_3_2_prt_ca fact1  (cost=0.00..542.00 rows=14734 width=44)
                     ->  Result  (cost=0.00..542.00 rows=14734 width=44)
                           One-Time Filter: PartSelected
                           ->  Seq Scan on fact1_1_prt_3_2_prt_oh fact1  (cost=0.00..542.00 rows=14734 width=44)
                     ->  Result  (cost=0.00..542.00 rows=14734 width=44)
                           One-Time Filter: PartSelected
                           ->  Seq Scan on fact1_1_prt_3_2_prt_wa fact1  (cost=0.00..542.00 rows=14734 width=44)
                     ->  Result  (cost=0.00..542.00 rows=14734 width=44)
                           One-Time Filter: PartSelected
                           ->  Seq Scan on fact1_1_prt_4_2_prt_ca fact1  (cost=0.00..542.00 rows=14734 width=44)
                     ->  Result  (cost=0.00..542.00 rows=14734 width=44)
                           One-Time Filter: PartSelected
                           ->  Seq Scan on fact1_1_prt_4_2_prt_oh fact1  (cost=0.00..542.00 rows=14734 width=44)
                     ->  Result  (cost=0.00..542.00 rows=14734 width=44)
                           One-Time Filter: PartSelected
                           ->  Seq Scan on fact1_1_prt_4_2_prt_wa fact1  (cost=0.00..542.00 rows=14734 width=44)
               ->  Hash  (cost=1.04..1.04 rows=1 width=18)
                     ->  Partition Selector for fact1 (dynamic scan id: 1)  (cost=0.00..1.04 rows=1 width=18)
                           Filter: dim1.code, dim1.pid
                           ->  Broadcast Motion 3:3  (slice1; segments: 3)  (cost=0.00..1.04 rows=1 width=18)
                                 ->  Seq Scan on dim1  (cost=0.00..1.01 rows=1 width=18)
 Optimizer: legacy query optimizer
(49 rows)

select * from dim1 inner join fact1 on (dim1.pid=fact1.pid and dim1.code=fact1.code) order by fact1.u;
 dist | pid | code |   t1   | dist | pid | code |  u  
------+-----+------+--------+------+-----+------+-----
    1 |   1 | OH   | world2 |    1 |   1 | OH   |   1
    1 |   0 | OH   | world1 |    1 |   0 | OH   |   4
    1 |   1 | OH   | world2 |    1 |   1 | OH   |   5
    1 |   0 | OH   | world1 |    1 |   0 | OH   |   8
    1 |   1 | OH   | world2 |    1 |   1 | OH   |   9
    1 |   0 | OH   | world1 |    1 |   0 | OH   |  12
    1 |   1 | OH   | world2 |    1 |   1 | OH   |  13
    1 |   0 | OH   | world1 |    1 |   0 | OH   |  16
    1 |   1 | OH   | world2 |    1 |   1 | OH   |  17
    1 |   0 | OH   | world1 |    1 |   0 | OH   |  20
    1 |   1 | OH   | world2 |    1 |   1 | OH   |  21
    1 |   0 | OH   | world1 |    1 |   0 | OH   |  24
    1 |   1 | OH   | world2 |    1 |   1 | OH   |  25
    1 |   0 | OH   | world1 |    1 |   0 | OH   |  28
    1 |   1 | OH   | world2 |    1 |   1 | OH   |  29
    1 |   0 | OH   | world1 |    1 |   0 | OH   |  32
    1 |   1 | OH   | world2 |    1 |   1 | OH   |  33
    1 |   0 | OH   | world1 |    1 |   0 | OH   |  36
    1 |   1 | OH   | world2 |    1 |   1 | OH   |  37
    1 |   0 | OH   | world1 |    1 |   0 | OH   |  40
    1 |   1 | OH   | world2 |    1 |   1 | OH   |  41
    1 |   0 | OH   | world1 |    1 |   0 | OH   |  44
    1 |   1 | OH   | world2 |    1 |   1 | OH   |  45
    1 |   0 | OH   | world1 |    1 |   0 | OH   |  48
    1 |   1 | OH   | world2 |    1 |   1 | OH   |  49
    1 |   0 | OH   | world1 |    1 |   0 | OH   |  52
    1 |   1 | OH   | world2 |    1 |   1 | OH   |  53
    1 |   0 | OH   | world1 |    1 |   0 | OH   |  56
    1 |   1 | OH   | world2 |    1 |   1 | OH   |  57
    1 |   0 | OH   | world1 |    1 |   0 | OH   |  60
    1 |   1 | OH   | world2 |    1 |   1 | OH   |  61
    1 |   0 | OH   | world1 |    1 |   0 | OH   |  64
    1 |   1 | OH   | world2 |    1 |   1 | OH   |  65
    1 |   0 | OH   | world1 |    1 |   0 | OH   |  68
    1 |   1 | OH   | world2 |    1 |   1 | OH   |  69
    1 |   0 | OH   | world1 |    1 |   0 | OH   |  72
    1 |   1 | OH   | world2 |    1 |   1 | OH   |  73
    1 |   0 | OH   | world1 |    1 |   0 | OH   |  76
    1 |   1 | OH   | world2 |    1 |   1 | OH   |  77
    1 |   0 | OH   | world1 |    1 |   0 | OH   |  80
    1 |   1 | OH   | world2 |    1 |   1 | OH   |  81
    1 |   0 | OH   | world1 |    1 |   0 | OH   |  84
    1 |   1 | OH   | world2 |    1 |   1 | OH   |  85
    1 |   0 | OH   | world1 |    1 |   0 | OH   |  88
    1 |   1 | OH   | world2 |    1 |   1 | OH   |  89
    1 |   0 | OH   | world1 |    1 |   0 | OH   |  92
    1 |   1 | OH   | world2 |    1 |   1 | OH   |  93
    1 |   0 | OH   | world1 |    1 |   0 | OH   |  96
    1 |   1 | OH   | world2 |    1 |   1 | OH   |  97
    1 |   0 | OH   | world1 |    1 |   0 | OH   | 100
(50 rows)

--
-- Join on one of the partitioning columns
--
set gp_dynamic_partition_pruning=off;
explain select * from dim1 inner join fact1 on (dim1.pid=fact1.pid) order by fact1.u;
                                                                                                         QUERY PLAN                                                                                                          
-----------------------------------------------------------------------------------------------------------------------------------------------------------------------------------------------------------------------------
 Gather Motion 3:1  (slice2; segments: 3)  (cost=7863.02..7864.35 rows=531 width=62)
   Merge Key: dpe_multi.fact1.u
   ->  Sort  (cost=7863.02..7864.35 rows=177 width=62)
         Sort Key: dpe_multi.fact1.u
         ->  Hash Join  (cost=1.06..7839.02 rows=177 width=62)
               Hash Cond: dpe_multi.fact1.pid = dim1.pid
               ->  Append  (cost=0.00..6504.00 rows=176800 width=44)
                     ->  Seq Scan on fact1_1_prt_1_2_prt_ca fact1  (cost=0.00..542.00 rows=14734 width=44)
                     ->  Seq Scan on fact1_1_prt_1_2_prt_oh fact1  (cost=0.00..542.00 rows=14734 width=44)
                     ->  Seq Scan on fact1_1_prt_1_2_prt_wa fact1  (cost=0.00..542.00 rows=14734 width=44)
                     ->  Seq Scan on fact1_1_prt_2_2_prt_ca fact1  (cost=0.00..542.00 rows=14734 width=44)
                     ->  Seq Scan on fact1_1_prt_2_2_prt_oh fact1  (cost=0.00..542.00 rows=14734 width=44)
                     ->  Seq Scan on fact1_1_prt_2_2_prt_wa fact1  (cost=0.00..542.00 rows=14734 width=44)
                     ->  Seq Scan on fact1_1_prt_3_2_prt_ca fact1  (cost=0.00..542.00 rows=14734 width=44)
                     ->  Seq Scan on fact1_1_prt_3_2_prt_oh fact1  (cost=0.00..542.00 rows=14734 width=44)
                     ->  Seq Scan on fact1_1_prt_3_2_prt_wa fact1  (cost=0.00..542.00 rows=14734 width=44)
                     ->  Seq Scan on fact1_1_prt_4_2_prt_ca fact1  (cost=0.00..542.00 rows=14734 width=44)
                     ->  Seq Scan on fact1_1_prt_4_2_prt_oh fact1  (cost=0.00..542.00 rows=14734 width=44)
                     ->  Seq Scan on fact1_1_prt_4_2_prt_wa fact1  (cost=0.00..542.00 rows=14734 width=44)
               ->  Hash  (cost=1.04..1.04 rows=1 width=18)
                     ->  Broadcast Motion 3:3  (slice1; segments: 3)  (cost=0.00..1.04 rows=1 width=18)
                           ->  Seq Scan on dim1  (cost=0.00..1.01 rows=1 width=18)
 Optimizer: legacy query optimizer
(23 rows)

select * from dim1 inner join fact1 on (dim1.pid=fact1.pid) order by fact1.u;
 dist | pid | code |   t1   | dist | pid | code |   u   
------+-----+------+--------+------+-----+------+-------
    1 |   1 | OH   | world2 |    1 |   1 | OH   |     1
    1 |   0 | OH   | world1 |    1 |   0 | OH   |     4
    1 |   1 | OH   | world2 |    1 |   1 | OH   |     5
    1 |   0 | OH   | world1 |    1 |   0 | OH   |     8
    1 |   1 | OH   | world2 |    1 |   1 | OH   |     9
    1 |   0 | OH   | world1 |    1 |   0 | OH   |    12
    1 |   1 | OH   | world2 |    1 |   1 | OH   |    13
    1 |   0 | OH   | world1 |    1 |   0 | OH   |    16
    1 |   1 | OH   | world2 |    1 |   1 | OH   |    17
    1 |   0 | OH   | world1 |    1 |   0 | OH   |    20
    1 |   1 | OH   | world2 |    1 |   1 | OH   |    21
    1 |   0 | OH   | world1 |    1 |   0 | OH   |    24
    1 |   1 | OH   | world2 |    1 |   1 | OH   |    25
    1 |   0 | OH   | world1 |    1 |   0 | OH   |    28
    1 |   1 | OH   | world2 |    1 |   1 | OH   |    29
    1 |   0 | OH   | world1 |    1 |   0 | OH   |    32
    1 |   1 | OH   | world2 |    1 |   1 | OH   |    33
    1 |   0 | OH   | world1 |    1 |   0 | OH   |    36
    1 |   1 | OH   | world2 |    1 |   1 | OH   |    37
    1 |   0 | OH   | world1 |    1 |   0 | OH   |    40
    1 |   1 | OH   | world2 |    1 |   1 | OH   |    41
    1 |   0 | OH   | world1 |    1 |   0 | OH   |    44
    1 |   1 | OH   | world2 |    1 |   1 | OH   |    45
    1 |   0 | OH   | world1 |    1 |   0 | OH   |    48
    1 |   1 | OH   | world2 |    1 |   1 | OH   |    49
    1 |   0 | OH   | world1 |    1 |   0 | OH   |    52
    1 |   1 | OH   | world2 |    1 |   1 | OH   |    53
    1 |   0 | OH   | world1 |    1 |   0 | OH   |    56
    1 |   1 | OH   | world2 |    1 |   1 | OH   |    57
    1 |   0 | OH   | world1 |    1 |   0 | OH   |    60
    1 |   1 | OH   | world2 |    1 |   1 | OH   |    61
    1 |   0 | OH   | world1 |    1 |   0 | OH   |    64
    1 |   1 | OH   | world2 |    1 |   1 | OH   |    65
    1 |   0 | OH   | world1 |    1 |   0 | OH   |    68
    1 |   1 | OH   | world2 |    1 |   1 | OH   |    69
    1 |   0 | OH   | world1 |    1 |   0 | OH   |    72
    1 |   1 | OH   | world2 |    1 |   1 | OH   |    73
    1 |   0 | OH   | world1 |    1 |   0 | OH   |    76
    1 |   1 | OH   | world2 |    1 |   1 | OH   |    77
    1 |   0 | OH   | world1 |    1 |   0 | OH   |    80
    1 |   1 | OH   | world2 |    1 |   1 | OH   |    81
    1 |   0 | OH   | world1 |    1 |   0 | OH   |    84
    1 |   1 | OH   | world2 |    1 |   1 | OH   |    85
    1 |   0 | OH   | world1 |    1 |   0 | OH   |    88
    1 |   1 | OH   | world2 |    1 |   1 | OH   |    89
    1 |   0 | OH   | world1 |    1 |   0 | OH   |    92
    1 |   1 | OH   | world2 |    1 |   1 | OH   |    93
    1 |   0 | OH   | world1 |    1 |   0 | OH   |    96
    1 |   1 | OH   | world2 |    1 |   1 | OH   |    97
    1 |   0 | OH   | world1 |    1 |   0 | OH   |   100
    1 |   1 | OH   | world2 |    1 |   1 | CA   | 10001
    1 |   0 | OH   | world1 |    1 |   0 | CA   | 10004
    1 |   1 | OH   | world2 |    1 |   1 | CA   | 10005
    1 |   0 | OH   | world1 |    1 |   0 | CA   | 10008
    1 |   1 | OH   | world2 |    1 |   1 | CA   | 10009
    1 |   0 | OH   | world1 |    1 |   0 | CA   | 10012
    1 |   1 | OH   | world2 |    1 |   1 | CA   | 10013
    1 |   0 | OH   | world1 |    1 |   0 | CA   | 10016
    1 |   1 | OH   | world2 |    1 |   1 | CA   | 10017
    1 |   0 | OH   | world1 |    1 |   0 | CA   | 10020
    1 |   1 | OH   | world2 |    1 |   1 | CA   | 10021
    1 |   0 | OH   | world1 |    1 |   0 | CA   | 10024
    1 |   1 | OH   | world2 |    1 |   1 | CA   | 10025
    1 |   0 | OH   | world1 |    1 |   0 | CA   | 10028
    1 |   1 | OH   | world2 |    1 |   1 | CA   | 10029
    1 |   0 | OH   | world1 |    1 |   0 | CA   | 10032
    1 |   1 | OH   | world2 |    1 |   1 | CA   | 10033
    1 |   0 | OH   | world1 |    1 |   0 | CA   | 10036
    1 |   1 | OH   | world2 |    1 |   1 | CA   | 10037
    1 |   0 | OH   | world1 |    1 |   0 | CA   | 10040
    1 |   1 | OH   | world2 |    1 |   1 | CA   | 10041
    1 |   0 | OH   | world1 |    1 |   0 | CA   | 10044
    1 |   1 | OH   | world2 |    1 |   1 | CA   | 10045
    1 |   0 | OH   | world1 |    1 |   0 | CA   | 10048
    1 |   1 | OH   | world2 |    1 |   1 | CA   | 10049
    1 |   0 | OH   | world1 |    1 |   0 | CA   | 10052
    1 |   1 | OH   | world2 |    1 |   1 | CA   | 10053
    1 |   0 | OH   | world1 |    1 |   0 | CA   | 10056
    1 |   1 | OH   | world2 |    1 |   1 | CA   | 10057
    1 |   0 | OH   | world1 |    1 |   0 | CA   | 10060
    1 |   1 | OH   | world2 |    1 |   1 | CA   | 10061
    1 |   0 | OH   | world1 |    1 |   0 | CA   | 10064
    1 |   1 | OH   | world2 |    1 |   1 | CA   | 10065
    1 |   0 | OH   | world1 |    1 |   0 | CA   | 10068
    1 |   1 | OH   | world2 |    1 |   1 | CA   | 10069
    1 |   0 | OH   | world1 |    1 |   0 | CA   | 10072
    1 |   1 | OH   | world2 |    1 |   1 | CA   | 10073
    1 |   0 | OH   | world1 |    1 |   0 | CA   | 10076
    1 |   1 | OH   | world2 |    1 |   1 | CA   | 10077
    1 |   0 | OH   | world1 |    1 |   0 | CA   | 10080
    1 |   1 | OH   | world2 |    1 |   1 | CA   | 10081
    1 |   0 | OH   | world1 |    1 |   0 | CA   | 10084
    1 |   1 | OH   | world2 |    1 |   1 | CA   | 10085
    1 |   0 | OH   | world1 |    1 |   0 | CA   | 10088
    1 |   1 | OH   | world2 |    1 |   1 | CA   | 10089
    1 |   0 | OH   | world1 |    1 |   0 | CA   | 10092
    1 |   1 | OH   | world2 |    1 |   1 | CA   | 10093
    1 |   0 | OH   | world1 |    1 |   0 | CA   | 10096
    1 |   1 | OH   | world2 |    1 |   1 | CA   | 10097
    1 |   0 | OH   | world1 |    1 |   0 | CA   | 10100
(100 rows)

set gp_dynamic_partition_pruning=on;
explain select * from dim1 inner join fact1 on (dim1.pid=fact1.pid) order by fact1.u;
                                                                                                         QUERY PLAN                                                                                                         
----------------------------------------------------------------------------------------------------------------------------------------------------------------------------------------------------------------------------
 Gather Motion 3:1  (slice2; segments: 3)  (cost=7863.02..7864.35 rows=531 width=62)
   Merge Key: dpe_multi.fact1.u
   ->  Sort  (cost=7863.02..7864.35 rows=177 width=62)
         Sort Key: dpe_multi.fact1.u
         ->  Hash Join  (cost=1.06..7839.02 rows=177 width=62)
               Hash Cond: dpe_multi.fact1.pid = dim1.pid
               ->  Append  (cost=0.00..6504.00 rows=176800 width=44)
                     ->  Result  (cost=0.00..542.00 rows=14734 width=44)
                           One-Time Filter: PartSelected
                           ->  Seq Scan on fact1_1_prt_1_2_prt_ca fact1  (cost=0.00..542.00 rows=14734 width=44)
                     ->  Result  (cost=0.00..542.00 rows=14734 width=44)
                           One-Time Filter: PartSelected
                           ->  Seq Scan on fact1_1_prt_1_2_prt_oh fact1  (cost=0.00..542.00 rows=14734 width=44)
                     ->  Result  (cost=0.00..542.00 rows=14734 width=44)
                           One-Time Filter: PartSelected
                           ->  Seq Scan on fact1_1_prt_1_2_prt_wa fact1  (cost=0.00..542.00 rows=14734 width=44)
                     ->  Result  (cost=0.00..542.00 rows=14734 width=44)
                           One-Time Filter: PartSelected
                           ->  Seq Scan on fact1_1_prt_2_2_prt_ca fact1  (cost=0.00..542.00 rows=14734 width=44)
                     ->  Result  (cost=0.00..542.00 rows=14734 width=44)
                           One-Time Filter: PartSelected
                           ->  Seq Scan on fact1_1_prt_2_2_prt_oh fact1  (cost=0.00..542.00 rows=14734 width=44)
                     ->  Result  (cost=0.00..542.00 rows=14734 width=44)
                           One-Time Filter: PartSelected
                           ->  Seq Scan on fact1_1_prt_2_2_prt_wa fact1  (cost=0.00..542.00 rows=14734 width=44)
                     ->  Result  (cost=0.00..542.00 rows=14734 width=44)
                           One-Time Filter: PartSelected
                           ->  Seq Scan on fact1_1_prt_3_2_prt_ca fact1  (cost=0.00..542.00 rows=14734 width=44)
                     ->  Result  (cost=0.00..542.00 rows=14734 width=44)
                           One-Time Filter: PartSelected
                           ->  Seq Scan on fact1_1_prt_3_2_prt_oh fact1  (cost=0.00..542.00 rows=14734 width=44)
                     ->  Result  (cost=0.00..542.00 rows=14734 width=44)
                           One-Time Filter: PartSelected
                           ->  Seq Scan on fact1_1_prt_3_2_prt_wa fact1  (cost=0.00..542.00 rows=14734 width=44)
                     ->  Result  (cost=0.00..542.00 rows=14734 width=44)
                           One-Time Filter: PartSelected
                           ->  Seq Scan on fact1_1_prt_4_2_prt_ca fact1  (cost=0.00..542.00 rows=14734 width=44)
                     ->  Result  (cost=0.00..542.00 rows=14734 width=44)
                           One-Time Filter: PartSelected
                           ->  Seq Scan on fact1_1_prt_4_2_prt_oh fact1  (cost=0.00..542.00 rows=14734 width=44)
                     ->  Result  (cost=0.00..542.00 rows=14734 width=44)
                           One-Time Filter: PartSelected
                           ->  Seq Scan on fact1_1_prt_4_2_prt_wa fact1  (cost=0.00..542.00 rows=14734 width=44)
               ->  Hash  (cost=1.04..1.04 rows=1 width=18)
                     ->  Partition Selector for fact1 (dynamic scan id: 1)  (cost=0.00..1.04 rows=1 width=18)
                           Filter: dim1.pid
                           ->  Broadcast Motion 3:3  (slice1; segments: 3)  (cost=0.00..1.04 rows=1 width=18)
                                 ->  Seq Scan on dim1  (cost=0.00..1.01 rows=1 width=18)
 Optimizer: legacy query optimizer
(49 rows)

select * from dim1 inner join fact1 on (dim1.pid=fact1.pid) order by fact1.u;
 dist | pid | code |   t1   | dist | pid | code |   u   
------+-----+------+--------+------+-----+------+-------
    1 |   1 | OH   | world2 |    1 |   1 | OH   |     1
    1 |   0 | OH   | world1 |    1 |   0 | OH   |     4
    1 |   1 | OH   | world2 |    1 |   1 | OH   |     5
    1 |   0 | OH   | world1 |    1 |   0 | OH   |     8
    1 |   1 | OH   | world2 |    1 |   1 | OH   |     9
    1 |   0 | OH   | world1 |    1 |   0 | OH   |    12
    1 |   1 | OH   | world2 |    1 |   1 | OH   |    13
    1 |   0 | OH   | world1 |    1 |   0 | OH   |    16
    1 |   1 | OH   | world2 |    1 |   1 | OH   |    17
    1 |   0 | OH   | world1 |    1 |   0 | OH   |    20
    1 |   1 | OH   | world2 |    1 |   1 | OH   |    21
    1 |   0 | OH   | world1 |    1 |   0 | OH   |    24
    1 |   1 | OH   | world2 |    1 |   1 | OH   |    25
    1 |   0 | OH   | world1 |    1 |   0 | OH   |    28
    1 |   1 | OH   | world2 |    1 |   1 | OH   |    29
    1 |   0 | OH   | world1 |    1 |   0 | OH   |    32
    1 |   1 | OH   | world2 |    1 |   1 | OH   |    33
    1 |   0 | OH   | world1 |    1 |   0 | OH   |    36
    1 |   1 | OH   | world2 |    1 |   1 | OH   |    37
    1 |   0 | OH   | world1 |    1 |   0 | OH   |    40
    1 |   1 | OH   | world2 |    1 |   1 | OH   |    41
    1 |   0 | OH   | world1 |    1 |   0 | OH   |    44
    1 |   1 | OH   | world2 |    1 |   1 | OH   |    45
    1 |   0 | OH   | world1 |    1 |   0 | OH   |    48
    1 |   1 | OH   | world2 |    1 |   1 | OH   |    49
    1 |   0 | OH   | world1 |    1 |   0 | OH   |    52
    1 |   1 | OH   | world2 |    1 |   1 | OH   |    53
    1 |   0 | OH   | world1 |    1 |   0 | OH   |    56
    1 |   1 | OH   | world2 |    1 |   1 | OH   |    57
    1 |   0 | OH   | world1 |    1 |   0 | OH   |    60
    1 |   1 | OH   | world2 |    1 |   1 | OH   |    61
    1 |   0 | OH   | world1 |    1 |   0 | OH   |    64
    1 |   1 | OH   | world2 |    1 |   1 | OH   |    65
    1 |   0 | OH   | world1 |    1 |   0 | OH   |    68
    1 |   1 | OH   | world2 |    1 |   1 | OH   |    69
    1 |   0 | OH   | world1 |    1 |   0 | OH   |    72
    1 |   1 | OH   | world2 |    1 |   1 | OH   |    73
    1 |   0 | OH   | world1 |    1 |   0 | OH   |    76
    1 |   1 | OH   | world2 |    1 |   1 | OH   |    77
    1 |   0 | OH   | world1 |    1 |   0 | OH   |    80
    1 |   1 | OH   | world2 |    1 |   1 | OH   |    81
    1 |   0 | OH   | world1 |    1 |   0 | OH   |    84
    1 |   1 | OH   | world2 |    1 |   1 | OH   |    85
    1 |   0 | OH   | world1 |    1 |   0 | OH   |    88
    1 |   1 | OH   | world2 |    1 |   1 | OH   |    89
    1 |   0 | OH   | world1 |    1 |   0 | OH   |    92
    1 |   1 | OH   | world2 |    1 |   1 | OH   |    93
    1 |   0 | OH   | world1 |    1 |   0 | OH   |    96
    1 |   1 | OH   | world2 |    1 |   1 | OH   |    97
    1 |   0 | OH   | world1 |    1 |   0 | OH   |   100
    1 |   1 | OH   | world2 |    1 |   1 | CA   | 10001
    1 |   0 | OH   | world1 |    1 |   0 | CA   | 10004
    1 |   1 | OH   | world2 |    1 |   1 | CA   | 10005
    1 |   0 | OH   | world1 |    1 |   0 | CA   | 10008
    1 |   1 | OH   | world2 |    1 |   1 | CA   | 10009
    1 |   0 | OH   | world1 |    1 |   0 | CA   | 10012
    1 |   1 | OH   | world2 |    1 |   1 | CA   | 10013
    1 |   0 | OH   | world1 |    1 |   0 | CA   | 10016
    1 |   1 | OH   | world2 |    1 |   1 | CA   | 10017
    1 |   0 | OH   | world1 |    1 |   0 | CA   | 10020
    1 |   1 | OH   | world2 |    1 |   1 | CA   | 10021
    1 |   0 | OH   | world1 |    1 |   0 | CA   | 10024
    1 |   1 | OH   | world2 |    1 |   1 | CA   | 10025
    1 |   0 | OH   | world1 |    1 |   0 | CA   | 10028
    1 |   1 | OH   | world2 |    1 |   1 | CA   | 10029
    1 |   0 | OH   | world1 |    1 |   0 | CA   | 10032
    1 |   1 | OH   | world2 |    1 |   1 | CA   | 10033
    1 |   0 | OH   | world1 |    1 |   0 | CA   | 10036
    1 |   1 | OH   | world2 |    1 |   1 | CA   | 10037
    1 |   0 | OH   | world1 |    1 |   0 | CA   | 10040
    1 |   1 | OH   | world2 |    1 |   1 | CA   | 10041
    1 |   0 | OH   | world1 |    1 |   0 | CA   | 10044
    1 |   1 | OH   | world2 |    1 |   1 | CA   | 10045
    1 |   0 | OH   | world1 |    1 |   0 | CA   | 10048
    1 |   1 | OH   | world2 |    1 |   1 | CA   | 10049
    1 |   0 | OH   | world1 |    1 |   0 | CA   | 10052
    1 |   1 | OH   | world2 |    1 |   1 | CA   | 10053
    1 |   0 | OH   | world1 |    1 |   0 | CA   | 10056
    1 |   1 | OH   | world2 |    1 |   1 | CA   | 10057
    1 |   0 | OH   | world1 |    1 |   0 | CA   | 10060
    1 |   1 | OH   | world2 |    1 |   1 | CA   | 10061
    1 |   0 | OH   | world1 |    1 |   0 | CA   | 10064
    1 |   1 | OH   | world2 |    1 |   1 | CA   | 10065
    1 |   0 | OH   | world1 |    1 |   0 | CA   | 10068
    1 |   1 | OH   | world2 |    1 |   1 | CA   | 10069
    1 |   0 | OH   | world1 |    1 |   0 | CA   | 10072
    1 |   1 | OH   | world2 |    1 |   1 | CA   | 10073
    1 |   0 | OH   | world1 |    1 |   0 | CA   | 10076
    1 |   1 | OH   | world2 |    1 |   1 | CA   | 10077
    1 |   0 | OH   | world1 |    1 |   0 | CA   | 10080
    1 |   1 | OH   | world2 |    1 |   1 | CA   | 10081
    1 |   0 | OH   | world1 |    1 |   0 | CA   | 10084
    1 |   1 | OH   | world2 |    1 |   1 | CA   | 10085
    1 |   0 | OH   | world1 |    1 |   0 | CA   | 10088
    1 |   1 | OH   | world2 |    1 |   1 | CA   | 10089
    1 |   0 | OH   | world1 |    1 |   0 | CA   | 10092
    1 |   1 | OH   | world2 |    1 |   1 | CA   | 10093
    1 |   0 | OH   | world1 |    1 |   0 | CA   | 10096
    1 |   1 | OH   | world2 |    1 |   1 | CA   | 10097
    1 |   0 | OH   | world1 |    1 |   0 | CA   | 10100
(100 rows)

--
-- Join on one of the partitioning columns and static elimination on other
--
set gp_dynamic_partition_pruning=off;
explain select * from dim1 inner join fact1 on (dim1.pid=fact1.pid) and fact1.code = 'OH' order by fact1.u;
                                                                                                         QUERY PLAN                                                                                                          
-----------------------------------------------------------------------------------------------------------------------------------------------------------------------------------------------------------------------------
 Gather Motion 3:1  (slice2; segments: 3)  (cost=2611.69..2611.71 rows=8 width=62)
   Merge Key: dpe_multi.fact1.u
   ->  Sort  (cost=2611.69..2611.71 rows=3 width=62)
         Sort Key: dpe_multi.fact1.u
         ->  Hash Join  (cost=1.06..2611.58 rows=3 width=62)
               Hash Cond: dpe_multi.fact1.pid = dim1.pid
               ->  Append  (cost=0.00..2610.00 rows=59 width=44)
                     ->  Seq Scan on fact1_1_prt_1_2_prt_oh fact1  (cost=0.00..652.50 rows=15 width=44)
                           Filter: code = 'OH'::text
                     ->  Seq Scan on fact1_1_prt_2_2_prt_oh fact1  (cost=0.00..652.50 rows=15 width=44)
                           Filter: code = 'OH'::text
                     ->  Seq Scan on fact1_1_prt_3_2_prt_oh fact1  (cost=0.00..652.50 rows=15 width=44)
                           Filter: code = 'OH'::text
                     ->  Seq Scan on fact1_1_prt_4_2_prt_oh fact1  (cost=0.00..652.50 rows=15 width=44)
                           Filter: code = 'OH'::text
               ->  Hash  (cost=1.04..1.04 rows=1 width=18)
                     ->  Broadcast Motion 3:3  (slice1; segments: 3)  (cost=0.00..1.04 rows=1 width=18)
                           ->  Seq Scan on dim1  (cost=0.00..1.01 rows=1 width=18)
 Optimizer: legacy query optimizer
(19 rows)

select * from dim1 inner join fact1 on (dim1.pid=fact1.pid) and fact1.code = 'OH' order by fact1.u;
 dist | pid | code |   t1   | dist | pid | code |  u  
------+-----+------+--------+------+-----+------+-----
    1 |   1 | OH   | world2 |    1 |   1 | OH   |   1
    1 |   0 | OH   | world1 |    1 |   0 | OH   |   4
    1 |   1 | OH   | world2 |    1 |   1 | OH   |   5
    1 |   0 | OH   | world1 |    1 |   0 | OH   |   8
    1 |   1 | OH   | world2 |    1 |   1 | OH   |   9
    1 |   0 | OH   | world1 |    1 |   0 | OH   |  12
    1 |   1 | OH   | world2 |    1 |   1 | OH   |  13
    1 |   0 | OH   | world1 |    1 |   0 | OH   |  16
    1 |   1 | OH   | world2 |    1 |   1 | OH   |  17
    1 |   0 | OH   | world1 |    1 |   0 | OH   |  20
    1 |   1 | OH   | world2 |    1 |   1 | OH   |  21
    1 |   0 | OH   | world1 |    1 |   0 | OH   |  24
    1 |   1 | OH   | world2 |    1 |   1 | OH   |  25
    1 |   0 | OH   | world1 |    1 |   0 | OH   |  28
    1 |   1 | OH   | world2 |    1 |   1 | OH   |  29
    1 |   0 | OH   | world1 |    1 |   0 | OH   |  32
    1 |   1 | OH   | world2 |    1 |   1 | OH   |  33
    1 |   0 | OH   | world1 |    1 |   0 | OH   |  36
    1 |   1 | OH   | world2 |    1 |   1 | OH   |  37
    1 |   0 | OH   | world1 |    1 |   0 | OH   |  40
    1 |   1 | OH   | world2 |    1 |   1 | OH   |  41
    1 |   0 | OH   | world1 |    1 |   0 | OH   |  44
    1 |   1 | OH   | world2 |    1 |   1 | OH   |  45
    1 |   0 | OH   | world1 |    1 |   0 | OH   |  48
    1 |   1 | OH   | world2 |    1 |   1 | OH   |  49
    1 |   0 | OH   | world1 |    1 |   0 | OH   |  52
    1 |   1 | OH   | world2 |    1 |   1 | OH   |  53
    1 |   0 | OH   | world1 |    1 |   0 | OH   |  56
    1 |   1 | OH   | world2 |    1 |   1 | OH   |  57
    1 |   0 | OH   | world1 |    1 |   0 | OH   |  60
    1 |   1 | OH   | world2 |    1 |   1 | OH   |  61
    1 |   0 | OH   | world1 |    1 |   0 | OH   |  64
    1 |   1 | OH   | world2 |    1 |   1 | OH   |  65
    1 |   0 | OH   | world1 |    1 |   0 | OH   |  68
    1 |   1 | OH   | world2 |    1 |   1 | OH   |  69
    1 |   0 | OH   | world1 |    1 |   0 | OH   |  72
    1 |   1 | OH   | world2 |    1 |   1 | OH   |  73
    1 |   0 | OH   | world1 |    1 |   0 | OH   |  76
    1 |   1 | OH   | world2 |    1 |   1 | OH   |  77
    1 |   0 | OH   | world1 |    1 |   0 | OH   |  80
    1 |   1 | OH   | world2 |    1 |   1 | OH   |  81
    1 |   0 | OH   | world1 |    1 |   0 | OH   |  84
    1 |   1 | OH   | world2 |    1 |   1 | OH   |  85
    1 |   0 | OH   | world1 |    1 |   0 | OH   |  88
    1 |   1 | OH   | world2 |    1 |   1 | OH   |  89
    1 |   0 | OH   | world1 |    1 |   0 | OH   |  92
    1 |   1 | OH   | world2 |    1 |   1 | OH   |  93
    1 |   0 | OH   | world1 |    1 |   0 | OH   |  96
    1 |   1 | OH   | world2 |    1 |   1 | OH   |  97
    1 |   0 | OH   | world1 |    1 |   0 | OH   | 100
(50 rows)

set gp_dynamic_partition_pruning=on;
explain select * from dim1 inner join fact1 on (dim1.pid=fact1.pid) and fact1.code = 'OH' order by fact1.u;
                                                                                                         QUERY PLAN                                                                                                         
----------------------------------------------------------------------------------------------------------------------------------------------------------------------------------------------------------------------------
 Gather Motion 3:1  (slice2; segments: 3)  (cost=2611.69..2611.71 rows=8 width=62)
   Merge Key: dpe_multi.fact1.u
   ->  Sort  (cost=2611.69..2611.71 rows=3 width=62)
         Sort Key: dpe_multi.fact1.u
         ->  Hash Join  (cost=1.06..2611.58 rows=3 width=62)
               Hash Cond: dpe_multi.fact1.pid = dim1.pid
               ->  Append  (cost=0.00..2610.00 rows=59 width=44)
                     ->  Result  (cost=0.00..652.50 rows=15 width=44)
                           One-Time Filter: PartSelected
                           ->  Seq Scan on fact1_1_prt_1_2_prt_oh fact1  (cost=0.00..652.50 rows=15 width=44)
                                 Filter: code = 'OH'::text
                     ->  Result  (cost=0.00..652.50 rows=15 width=44)
                           One-Time Filter: PartSelected
                           ->  Seq Scan on fact1_1_prt_2_2_prt_oh fact1  (cost=0.00..652.50 rows=15 width=44)
                                 Filter: code = 'OH'::text
                     ->  Result  (cost=0.00..652.50 rows=15 width=44)
                           One-Time Filter: PartSelected
                           ->  Seq Scan on fact1_1_prt_3_2_prt_oh fact1  (cost=0.00..652.50 rows=15 width=44)
                                 Filter: code = 'OH'::text
                     ->  Result  (cost=0.00..652.50 rows=15 width=44)
                           One-Time Filter: PartSelected
                           ->  Seq Scan on fact1_1_prt_4_2_prt_oh fact1  (cost=0.00..652.50 rows=15 width=44)
                                 Filter: code = 'OH'::text
               ->  Hash  (cost=1.04..1.04 rows=1 width=18)
                     ->  Partition Selector for fact1 (dynamic scan id: 1)  (cost=0.00..1.04 rows=1 width=18)
                           Filter: dim1.pid
                           ->  Broadcast Motion 3:3  (slice1; segments: 3)  (cost=0.00..1.04 rows=1 width=18)
                                 ->  Seq Scan on dim1  (cost=0.00..1.01 rows=1 width=18)
 Optimizer: legacy query optimizer
(29 rows)

select * from dim1 inner join fact1 on (dim1.pid=fact1.pid) and fact1.code = 'OH' order by fact1.u;
 dist | pid | code |   t1   | dist | pid | code |  u  
------+-----+------+--------+------+-----+------+-----
    1 |   1 | OH   | world2 |    1 |   1 | OH   |   1
    1 |   0 | OH   | world1 |    1 |   0 | OH   |   4
    1 |   1 | OH   | world2 |    1 |   1 | OH   |   5
    1 |   0 | OH   | world1 |    1 |   0 | OH   |   8
    1 |   1 | OH   | world2 |    1 |   1 | OH   |   9
    1 |   0 | OH   | world1 |    1 |   0 | OH   |  12
    1 |   1 | OH   | world2 |    1 |   1 | OH   |  13
    1 |   0 | OH   | world1 |    1 |   0 | OH   |  16
    1 |   1 | OH   | world2 |    1 |   1 | OH   |  17
    1 |   0 | OH   | world1 |    1 |   0 | OH   |  20
    1 |   1 | OH   | world2 |    1 |   1 | OH   |  21
    1 |   0 | OH   | world1 |    1 |   0 | OH   |  24
    1 |   1 | OH   | world2 |    1 |   1 | OH   |  25
    1 |   0 | OH   | world1 |    1 |   0 | OH   |  28
    1 |   1 | OH   | world2 |    1 |   1 | OH   |  29
    1 |   0 | OH   | world1 |    1 |   0 | OH   |  32
    1 |   1 | OH   | world2 |    1 |   1 | OH   |  33
    1 |   0 | OH   | world1 |    1 |   0 | OH   |  36
    1 |   1 | OH   | world2 |    1 |   1 | OH   |  37
    1 |   0 | OH   | world1 |    1 |   0 | OH   |  40
    1 |   1 | OH   | world2 |    1 |   1 | OH   |  41
    1 |   0 | OH   | world1 |    1 |   0 | OH   |  44
    1 |   1 | OH   | world2 |    1 |   1 | OH   |  45
    1 |   0 | OH   | world1 |    1 |   0 | OH   |  48
    1 |   1 | OH   | world2 |    1 |   1 | OH   |  49
    1 |   0 | OH   | world1 |    1 |   0 | OH   |  52
    1 |   1 | OH   | world2 |    1 |   1 | OH   |  53
    1 |   0 | OH   | world1 |    1 |   0 | OH   |  56
    1 |   1 | OH   | world2 |    1 |   1 | OH   |  57
    1 |   0 | OH   | world1 |    1 |   0 | OH   |  60
    1 |   1 | OH   | world2 |    1 |   1 | OH   |  61
    1 |   0 | OH   | world1 |    1 |   0 | OH   |  64
    1 |   1 | OH   | world2 |    1 |   1 | OH   |  65
    1 |   0 | OH   | world1 |    1 |   0 | OH   |  68
    1 |   1 | OH   | world2 |    1 |   1 | OH   |  69
    1 |   0 | OH   | world1 |    1 |   0 | OH   |  72
    1 |   1 | OH   | world2 |    1 |   1 | OH   |  73
    1 |   0 | OH   | world1 |    1 |   0 | OH   |  76
    1 |   1 | OH   | world2 |    1 |   1 | OH   |  77
    1 |   0 | OH   | world1 |    1 |   0 | OH   |  80
    1 |   1 | OH   | world2 |    1 |   1 | OH   |  81
    1 |   0 | OH   | world1 |    1 |   0 | OH   |  84
    1 |   1 | OH   | world2 |    1 |   1 | OH   |  85
    1 |   0 | OH   | world1 |    1 |   0 | OH   |  88
    1 |   1 | OH   | world2 |    1 |   1 | OH   |  89
    1 |   0 | OH   | world1 |    1 |   0 | OH   |  92
    1 |   1 | OH   | world2 |    1 |   1 | OH   |  93
    1 |   0 | OH   | world1 |    1 |   0 | OH   |  96
    1 |   1 | OH   | world2 |    1 |   1 | OH   |  97
    1 |   0 | OH   | world1 |    1 |   0 | OH   | 100
(50 rows)

--
-- add aggregates
--
set gp_dynamic_partition_pruning=off;
explain select fact1.code, count(*) from dim1 inner join fact1 on (dim1.pid=fact1.pid) group by 1 order by 1;
                                                                                                         QUERY PLAN                                                                                                          
-----------------------------------------------------------------------------------------------------------------------------------------------------------------------------------------------------------------------------
 Gather Motion 3:1  (slice3; segments: 3)  (cost=7908.21..7924.11 rows=530 width=40)
   Merge Key: dpe_multi.fact1.code
   ->  GroupAggregate  (cost=7908.21..7924.11 rows=177 width=40)
         Group By: dpe_multi.fact1.code
         ->  Sort  (cost=7908.21..7909.53 rows=177 width=40)
               Sort Key: dpe_multi.fact1.code
               ->  Redistribute Motion 3:3  (slice2; segments: 3)  (cost=7863.02..7884.23 rows=177 width=40)
                     Hash Key: dpe_multi.fact1.code
                     ->  GroupAggregate  (cost=7863.02..7873.63 rows=177 width=40)
                           Group By: dpe_multi.fact1.code
                           ->  Sort  (cost=7863.02..7864.35 rows=177 width=32)
                                 Sort Key: dpe_multi.fact1.code
                                 ->  Hash Join  (cost=1.06..7839.02 rows=177 width=32)
                                       Hash Cond: dpe_multi.fact1.pid = dim1.pid
                                       ->  Append  (cost=0.00..6504.00 rows=176800 width=36)
                                             ->  Seq Scan on fact1_1_prt_1_2_prt_ca fact1  (cost=0.00..542.00 rows=14734 width=36)
                                             ->  Seq Scan on fact1_1_prt_1_2_prt_oh fact1  (cost=0.00..542.00 rows=14734 width=36)
                                             ->  Seq Scan on fact1_1_prt_1_2_prt_wa fact1  (cost=0.00..542.00 rows=14734 width=36)
                                             ->  Seq Scan on fact1_1_prt_2_2_prt_ca fact1  (cost=0.00..542.00 rows=14734 width=36)
                                             ->  Seq Scan on fact1_1_prt_2_2_prt_oh fact1  (cost=0.00..542.00 rows=14734 width=36)
                                             ->  Seq Scan on fact1_1_prt_2_2_prt_wa fact1  (cost=0.00..542.00 rows=14734 width=36)
                                             ->  Seq Scan on fact1_1_prt_3_2_prt_ca fact1  (cost=0.00..542.00 rows=14734 width=36)
                                             ->  Seq Scan on fact1_1_prt_3_2_prt_oh fact1  (cost=0.00..542.00 rows=14734 width=36)
                                             ->  Seq Scan on fact1_1_prt_3_2_prt_wa fact1  (cost=0.00..542.00 rows=14734 width=36)
                                             ->  Seq Scan on fact1_1_prt_4_2_prt_ca fact1  (cost=0.00..542.00 rows=14734 width=36)
                                             ->  Seq Scan on fact1_1_prt_4_2_prt_oh fact1  (cost=0.00..542.00 rows=14734 width=36)
                                             ->  Seq Scan on fact1_1_prt_4_2_prt_wa fact1  (cost=0.00..542.00 rows=14734 width=36)
                                       ->  Hash  (cost=1.04..1.04 rows=1 width=4)
                                             ->  Broadcast Motion 3:3  (slice1; segments: 3)  (cost=0.00..1.04 rows=1 width=4)
                                                   ->  Seq Scan on dim1  (cost=0.00..1.01 rows=1 width=4)
 Optimizer: legacy query optimizer
(31 rows)

select fact1.code, count(*) from dim1 inner join fact1 on (dim1.pid=fact1.pid) group by 1 order by 1;
 code | count 
------+-------
 CA   |    50
 OH   |    50
(2 rows)

set gp_dynamic_partition_pruning=on;
explain select fact1.code, count(*) from dim1 inner join fact1 on (dim1.pid=fact1.pid) group by 1 order by 1;
                                                                                                         QUERY PLAN                                                                                                         
----------------------------------------------------------------------------------------------------------------------------------------------------------------------------------------------------------------------------
 Gather Motion 3:1  (slice3; segments: 3)  (cost=7908.21..7924.11 rows=530 width=40)
   Merge Key: dpe_multi.fact1.code
   ->  GroupAggregate  (cost=7908.21..7924.11 rows=177 width=40)
         Group By: dpe_multi.fact1.code
         ->  Sort  (cost=7908.21..7909.53 rows=177 width=40)
               Sort Key: dpe_multi.fact1.code
               ->  Redistribute Motion 3:3  (slice2; segments: 3)  (cost=7863.02..7884.23 rows=177 width=40)
                     Hash Key: dpe_multi.fact1.code
                     ->  GroupAggregate  (cost=7863.02..7873.63 rows=177 width=40)
                           Group By: dpe_multi.fact1.code
                           ->  Sort  (cost=7863.02..7864.35 rows=177 width=32)
                                 Sort Key: dpe_multi.fact1.code
                                 ->  Hash Join  (cost=1.06..7839.02 rows=177 width=32)
                                       Hash Cond: dpe_multi.fact1.pid = dim1.pid
                                       ->  Append  (cost=0.00..6504.00 rows=176800 width=36)
                                             ->  Result  (cost=0.00..542.00 rows=14734 width=36)
                                                   One-Time Filter: PartSelected
                                                   ->  Seq Scan on fact1_1_prt_1_2_prt_ca fact1  (cost=0.00..542.00 rows=14734 width=36)
                                             ->  Result  (cost=0.00..542.00 rows=14734 width=36)
                                                   One-Time Filter: PartSelected
                                                   ->  Seq Scan on fact1_1_prt_1_2_prt_oh fact1  (cost=0.00..542.00 rows=14734 width=36)
                                             ->  Result  (cost=0.00..542.00 rows=14734 width=36)
                                                   One-Time Filter: PartSelected
                                                   ->  Seq Scan on fact1_1_prt_1_2_prt_wa fact1  (cost=0.00..542.00 rows=14734 width=36)
                                             ->  Result  (cost=0.00..542.00 rows=14734 width=36)
                                                   One-Time Filter: PartSelected
                                                   ->  Seq Scan on fact1_1_prt_2_2_prt_ca fact1  (cost=0.00..542.00 rows=14734 width=36)
                                             ->  Result  (cost=0.00..542.00 rows=14734 width=36)
                                                   One-Time Filter: PartSelected
                                                   ->  Seq Scan on fact1_1_prt_2_2_prt_oh fact1  (cost=0.00..542.00 rows=14734 width=36)
                                             ->  Result  (cost=0.00..542.00 rows=14734 width=36)
                                                   One-Time Filter: PartSelected
                                                   ->  Seq Scan on fact1_1_prt_2_2_prt_wa fact1  (cost=0.00..542.00 rows=14734 width=36)
                                             ->  Result  (cost=0.00..542.00 rows=14734 width=36)
                                                   One-Time Filter: PartSelected
                                                   ->  Seq Scan on fact1_1_prt_3_2_prt_ca fact1  (cost=0.00..542.00 rows=14734 width=36)
                                             ->  Result  (cost=0.00..542.00 rows=14734 width=36)
                                                   One-Time Filter: PartSelected
                                                   ->  Seq Scan on fact1_1_prt_3_2_prt_oh fact1  (cost=0.00..542.00 rows=14734 width=36)
                                             ->  Result  (cost=0.00..542.00 rows=14734 width=36)
                                                   One-Time Filter: PartSelected
                                                   ->  Seq Scan on fact1_1_prt_3_2_prt_wa fact1  (cost=0.00..542.00 rows=14734 width=36)
                                             ->  Result  (cost=0.00..542.00 rows=14734 width=36)
                                                   One-Time Filter: PartSelected
                                                   ->  Seq Scan on fact1_1_prt_4_2_prt_ca fact1  (cost=0.00..542.00 rows=14734 width=36)
                                             ->  Result  (cost=0.00..542.00 rows=14734 width=36)
                                                   One-Time Filter: PartSelected
                                                   ->  Seq Scan on fact1_1_prt_4_2_prt_oh fact1  (cost=0.00..542.00 rows=14734 width=36)
                                             ->  Result  (cost=0.00..542.00 rows=14734 width=36)
                                                   One-Time Filter: PartSelected
                                                   ->  Seq Scan on fact1_1_prt_4_2_prt_wa fact1  (cost=0.00..542.00 rows=14734 width=36)
                                       ->  Hash  (cost=1.04..1.04 rows=1 width=4)
                                             ->  Partition Selector for fact1 (dynamic scan id: 1)  (cost=0.00..1.04 rows=1 width=4)
                                                   Filter: dim1.pid
                                                   ->  Broadcast Motion 3:3  (slice1; segments: 3)  (cost=0.00..1.04 rows=1 width=4)
                                                         ->  Seq Scan on dim1  (cost=0.00..1.01 rows=1 width=4)
 Optimizer: legacy query optimizer
(57 rows)

select fact1.code, count(*) from dim1 inner join fact1 on (dim1.pid=fact1.pid) group by 1 order by 1;
 code | count 
------+-------
 CA   |    50
 OH   |    50
(2 rows)

--
-- multi-attribute list partitioning
--
drop schema if exists dpe_malp cascade;
NOTICE:  schema "dpe_malp" does not exist, skipping
create schema dpe_malp;
set search_path='dpe_malp';
set gp_segments_for_planner=2;
set optimizer_segments=2;
create table malp (i int, j int, t text) 
distributed by (i) 
partition by list (i, j) 
( 
partition p1 values((1,10)) ,
partition p2 values((2,20)),
partition p3 values((3,30)) 
);
NOTICE:  CREATE TABLE will create partition "malp_1_prt_p1" for table "malp"
NOTICE:  CREATE TABLE will create partition "malp_1_prt_p2" for table "malp"
NOTICE:  CREATE TABLE will create partition "malp_1_prt_p3" for table "malp"
insert into malp select 1, 10, 'hello1';
insert into malp select 1, 10, 'hello2';
insert into malp select 1, 10, 'hello3';
insert into malp select 2, 20, 'hello4';
insert into malp select 2, 20, 'hello5';
insert into malp select 3, 30, 'hello6';
create table dim(i int, j int)
distributed randomly;
insert into dim values(1, 10);
analyze malp;
analyze dim;
-- ORCA doesn't do multi-attribute partitioning currently,so this falls
-- back to the Postgres planner
explain select * from dim inner join malp on (dim.i = malp.i);
                                                                                                         QUERY PLAN                                                                                                         
----------------------------------------------------------------------------------------------------------------------------------------------------------------------------------------------------------------------------
 Gather Motion 3:1  (slice2; segments: 3)  (cost=1.04..4.19 rows=6 width=23)
   ->  Hash Join  (cost=1.04..4.19 rows=2 width=23)
         Hash Cond: dpe_malp.malp.i = dim.i
         ->  Append  (cost=0.00..3.06 rows=2 width=15)
               ->  Result  (cost=0.00..1.03 rows=1 width=15)
                     One-Time Filter: PartSelected
                     ->  Seq Scan on malp_1_prt_p1 malp  (cost=0.00..1.03 rows=1 width=15)
               ->  Result  (cost=0.00..1.02 rows=1 width=15)
                     One-Time Filter: PartSelected
                     ->  Seq Scan on malp_1_prt_p2 malp  (cost=0.00..1.02 rows=1 width=15)
               ->  Result  (cost=0.00..1.01 rows=1 width=15)
                     One-Time Filter: PartSelected
                     ->  Seq Scan on malp_1_prt_p3 malp  (cost=0.00..1.01 rows=1 width=15)
         ->  Hash  (cost=1.03..1.03 rows=1 width=8)
               ->  Partition Selector for malp (dynamic scan id: 1)  (cost=0.00..1.03 rows=1 width=8)
                     Filter: dim.i
                     ->  Redistribute Motion 3:3  (slice1; segments: 3)  (cost=0.00..1.03 rows=1 width=8)
                           Hash Key: dim.i
                           ->  Seq Scan on dim  (cost=0.00..1.01 rows=1 width=8)
 Optimizer: legacy query optimizer
(20 rows)

set gp_dynamic_partition_pruning = off;
select * from dim inner join malp on (dim.i = malp.i);
 i | j  | i | j  |   t    
---+----+---+----+--------
 1 | 10 | 1 | 10 | hello1
 1 | 10 | 1 | 10 | hello2
 1 | 10 | 1 | 10 | hello3
(3 rows)

set gp_dynamic_partition_pruning = on;
select * from dim inner join malp on (dim.i = malp.i);
 i | j  | i | j  |   t    
---+----+---+----+--------
 1 | 10 | 1 | 10 | hello1
 1 | 10 | 1 | 10 | hello2
 1 | 10 | 1 | 10 | hello3
(3 rows)

set gp_dynamic_partition_pruning = on;
select * from dim inner join malp on (dim.i = malp.i and dim.j = malp.j); -- only one partition should be chosen
 i | j  | i | j  |   t    
---+----+---+----+--------
 1 | 10 | 1 | 10 | hello1
 1 | 10 | 1 | 10 | hello2
 1 | 10 | 1 | 10 | hello3
(3 rows)

--
-- Plan where the Append that the PartitionSelector affects is not the immediate child
-- of the join.
--
create table apart (id int4, t text) partition by range (id) (start (1) end (1000) every (200));
NOTICE:  Table doesn't have 'DISTRIBUTED BY' clause -- Using column named 'id' as the Greenplum Database data distribution key for this table.
HINT:  The 'DISTRIBUTED BY' clause determines the distribution of data. Make sure column(s) chosen are the optimal data distribution key to minimize skew.
NOTICE:  CREATE TABLE will create partition "apart_1_prt_1" for table "apart"
NOTICE:  CREATE TABLE will create partition "apart_1_prt_2" for table "apart"
NOTICE:  CREATE TABLE will create partition "apart_1_prt_3" for table "apart"
NOTICE:  CREATE TABLE will create partition "apart_1_prt_4" for table "apart"
NOTICE:  CREATE TABLE will create partition "apart_1_prt_5" for table "apart"
create table b (id int4, t text);
NOTICE:  Table doesn't have 'DISTRIBUTED BY' clause -- Using column named 'id' as the Greenplum Database data distribution key for this table.
HINT:  The 'DISTRIBUTED BY' clause determines the distribution of data. Make sure column(s) chosen are the optimal data distribution key to minimize skew.
create table c (id int4, t text);
NOTICE:  Table doesn't have 'DISTRIBUTED BY' clause -- Using column named 'id' as the Greenplum Database data distribution key for this table.
HINT:  The 'DISTRIBUTED BY' clause determines the distribution of data. Make sure column(s) chosen are the optimal data distribution key to minimize skew.
insert into apart select g, g from generate_series(1, 999) g;
insert into b select g, g from generate_series(1, 5) g;
insert into c select g, g from generate_series(1, 20) g;
analyze apart;
analyze b;
analyze c;
set gp_dynamic_partition_pruning = off;
explain select * from apart as a, b, c where a.t = b.t and a.id = c.id;
                                                                                                                 QUERY PLAN                                                                                                                 
--------------------------------------------------------------------------------------------------------------------------------------------------------------------------------------------------------------------------------------------
 Gather Motion 3:1  (slice2; segments: 3)  (cost=5.78..34.85 rows=5 width=20)
   ->  Hash Join  (cost=5.78..34.85 rows=2 width=20)
         Hash Cond: a.t = b.t
         ->  Hash Join  (cost=3.45..32.39 rows=7 width=14)
               Hash Cond: a.id = c.id
               ->  Append  (cost=0.00..24.99 rows=333 width=8)
                     ->  Seq Scan on apart_1_prt_1 a  (cost=0.00..5.00 rows=67 width=7)
                     ->  Seq Scan on apart_1_prt_2 a  (cost=0.00..5.00 rows=67 width=8)
                     ->  Seq Scan on apart_1_prt_3 a  (cost=0.00..5.00 rows=67 width=8)
                     ->  Seq Scan on apart_1_prt_4 a  (cost=0.00..5.00 rows=67 width=8)
                     ->  Seq Scan on apart_1_prt_5 a  (cost=0.00..4.99 rows=67 width=8)
               ->  Hash  (cost=3.20..3.20 rows=7 width=6)
                     ->  Seq Scan on c  (cost=0.00..3.20 rows=7 width=6)
         ->  Hash  (cost=2.20..2.20 rows=4 width=6)
               ->  Broadcast Motion 3:3  (slice1; segments: 3)  (cost=0.00..2.20 rows=4 width=6)
                     ->  Seq Scan on b  (cost=0.00..2.05 rows=2 width=6)
 Optimizer: legacy query optimizer
(17 rows)

select * from apart as a, b, c where a.t = b.t and a.id = c.id;
 id | t | id | t | id | t 
----+---+----+---+----+---
  3 | 3 |  3 | 3 |  3 | 3
  4 | 4 |  4 | 4 |  4 | 4
  5 | 5 |  5 | 5 |  5 | 5
  1 | 1 |  1 | 1 |  1 | 1
  2 | 2 |  2 | 2 |  2 | 2
(5 rows)

set gp_dynamic_partition_pruning = on;
explain select * from apart as a, b, c where a.t = b.t and a.id = c.id;
                                                                                                                QUERY PLAN                                                                                                                 
-------------------------------------------------------------------------------------------------------------------------------------------------------------------------------------------------------------------------------------------
 Gather Motion 3:1  (slice2; segments: 3)  (cost=5.78..34.85 rows=5 width=20)
   ->  Hash Join  (cost=5.78..34.85 rows=2 width=20)
         Hash Cond: a.t = b.t
         ->  Hash Join  (cost=3.45..32.39 rows=7 width=14)
               Hash Cond: a.id = c.id
               ->  Append  (cost=0.00..24.99 rows=333 width=8)
                     ->  Result  (cost=0.00..5.00 rows=67 width=7)
                           One-Time Filter: PartSelected
                           ->  Seq Scan on apart_1_prt_1 a  (cost=0.00..5.00 rows=67 width=7)
                     ->  Result  (cost=0.00..5.00 rows=67 width=8)
                           One-Time Filter: PartSelected
                           ->  Seq Scan on apart_1_prt_2 a  (cost=0.00..5.00 rows=67 width=8)
                     ->  Result  (cost=0.00..5.00 rows=67 width=8)
                           One-Time Filter: PartSelected
                           ->  Seq Scan on apart_1_prt_3 a  (cost=0.00..5.00 rows=67 width=8)
                     ->  Result  (cost=0.00..5.00 rows=67 width=8)
                           One-Time Filter: PartSelected
                           ->  Seq Scan on apart_1_prt_4 a  (cost=0.00..5.00 rows=67 width=8)
                     ->  Result  (cost=0.00..4.99 rows=67 width=8)
                           One-Time Filter: PartSelected
                           ->  Seq Scan on apart_1_prt_5 a  (cost=0.00..4.99 rows=67 width=8)
               ->  Hash  (cost=3.20..3.20 rows=7 width=6)
                     ->  Partition Selector for apart (dynamic scan id: 1)  (cost=0.00..3.20 rows=7 width=6)
                           Filter: c.id
                           ->  Seq Scan on c  (cost=0.00..3.20 rows=7 width=6)
         ->  Hash  (cost=2.20..2.20 rows=4 width=6)
               ->  Broadcast Motion 3:3  (slice1; segments: 3)  (cost=0.00..2.20 rows=4 width=6)
                     ->  Seq Scan on b  (cost=0.00..2.05 rows=2 width=6)
 Optimizer: legacy query optimizer
(29 rows)

select * from apart as a, b, c where a.t = b.t and a.id = c.id;
 id | t | id | t | id | t 
----+---+----+---+----+---
  3 | 3 |  3 | 3 |  3 | 3
  4 | 4 |  4 | 4 |  4 | 4
  5 | 5 |  5 | 5 |  5 | 5
  1 | 1 |  1 | 1 |  1 | 1
  2 | 2 |  2 | 2 |  2 | 2
(5 rows)

--
-- DPE: assertion failed with window function
--
drop schema if exists dpe_bugs cascade;
NOTICE:  schema "dpe_bugs" does not exist, skipping
create schema dpe_bugs;
set search_path='dpe_bugs';
set gp_segments_for_planner=2;
set optimizer_segments=2;
create table pat(a int, b date) partition by range (b) (start ('2010-01-01') end ('2010-01-05') every (1), default partition other);
NOTICE:  Table doesn't have 'DISTRIBUTED BY' clause -- Using column named 'a' as the Greenplum Database data distribution key for this table.
HINT:  The 'DISTRIBUTED BY' clause determines the distribution of data. Make sure column(s) chosen are the optimal data distribution key to minimize skew.
NOTICE:  CREATE TABLE will create partition "pat_1_prt_other" for table "pat"
NOTICE:  CREATE TABLE will create partition "pat_1_prt_2" for table "pat"
NOTICE:  CREATE TABLE will create partition "pat_1_prt_3" for table "pat"
NOTICE:  CREATE TABLE will create partition "pat_1_prt_4" for table "pat"
NOTICE:  CREATE TABLE will create partition "pat_1_prt_5" for table "pat"
insert into pat select i,date '2010-01-01' + i from generate_series(1, 10)i;  
create table jpat(a int, b date);
NOTICE:  Table doesn't have 'DISTRIBUTED BY' clause -- Using column named 'a' as the Greenplum Database data distribution key for this table.
HINT:  The 'DISTRIBUTED BY' clause determines the distribution of data. Make sure column(s) chosen are the optimal data distribution key to minimize skew.
insert into jpat values(1, '2010-01-02');
explain select * from (select count(*) over (order by a rows between 1 preceding and 1 following), a, b from jpat)jpat inner join pat using(b);
                                                                                                         QUERY PLAN                                                                                                         
----------------------------------------------------------------------------------------------------------------------------------------------------------------------------------------------------------------------------
 Gather Motion 3:1  (slice3; segments: 3)  (cost=1.11..5888.82 rows=431 width=20)
   ->  Hash Join  (cost=1.11..5888.82 rows=144 width=20)
         Hash Cond: dpe_bugs.pat.b = jpat.b
         ->  Append  (cost=0.00..4805.00 rows=143500 width=8)
               ->  Result  (cost=0.00..961.00 rows=28700 width=8)
                     One-Time Filter: PartSelected
                     ->  Seq Scan on pat_1_prt_other pat  (cost=0.00..961.00 rows=28700 width=8)
               ->  Result  (cost=0.00..961.00 rows=28700 width=8)
                     One-Time Filter: PartSelected
                     ->  Seq Scan on pat_1_prt_2 pat  (cost=0.00..961.00 rows=28700 width=8)
               ->  Result  (cost=0.00..961.00 rows=28700 width=8)
                     One-Time Filter: PartSelected
                     ->  Seq Scan on pat_1_prt_3 pat  (cost=0.00..961.00 rows=28700 width=8)
               ->  Result  (cost=0.00..961.00 rows=28700 width=8)
                     One-Time Filter: PartSelected
                     ->  Seq Scan on pat_1_prt_4 pat  (cost=0.00..961.00 rows=28700 width=8)
               ->  Result  (cost=0.00..961.00 rows=28700 width=8)
                     One-Time Filter: PartSelected
                     ->  Seq Scan on pat_1_prt_5 pat  (cost=0.00..961.00 rows=28700 width=8)
         ->  Hash  (cost=1.09..1.09 rows=1 width=16)
               ->  Partition Selector for pat (dynamic scan id: 1)  (cost=1.02..1.09 rows=1 width=16)
                     Filter: jpat.b
                     ->  Broadcast Motion 1:3  (slice2; segments: 1)  (cost=1.02..1.09 rows=2 width=16)
                           ->  Subquery Scan on jpat  (cost=1.02..1.06 rows=1 width=16)
                                 ->  WindowAgg  (cost=1.02..1.05 rows=1 width=8)
                                       Order By: dpe_bugs.jpat.a
                                       ->  Gather Motion 3:1  (slice1; segments: 3)  (cost=1.02..1.04 rows=1 width=8)
                                             Merge Key: dpe_bugs.jpat.a
                                             ->  Sort  (cost=1.02..1.02 rows=1 width=8)
                                                   Sort Key: dpe_bugs.jpat.a
                                                   ->  Seq Scan on jpat  (cost=0.00..1.01 rows=1 width=8)
 Optimizer: legacy query optimizer
(32 rows)

select * from (select count(*) over (order by a rows between 1 preceding and 1 following), a, b from jpat)jpat inner join pat using(b);
     b      | count | a | a 
------------+-------+---+---
 01-02-2010 |     1 | 1 | 1
(1 row)

