CREATE TABLE test_tablesample (dist int, id int, name text) WITH (fillfactor=10) DISTRIBUTED BY (dist); -- force smaller pages so we don't have to load too much data to get multiple pages
-- Changed the column length in order to match the expected results based on relation's blocksz
INSERT INTO test_tablesample SELECT 0, i, repeat(i::text, 875) FROM generate_series(0, 9) s(i) ORDER BY i;
INSERT INTO test_tablesample SELECT 3, i, repeat(i::text, 875) FROM generate_series(10, 19) s(i) ORDER BY i;
INSERT INTO test_tablesample SELECT 5, i, repeat(i::text, 875) FROM generate_series(20, 29) s(i) ORDER BY i;
-- Verify that each segment has the same amount of rows;
SELECT gp_segment_id, count(dist) FROM test_tablesample GROUP BY 1 ORDER BY 1;
 gp_segment_id | count 
---------------+-------
             0 |    10
             1 |    10
             2 |    10
(3 rows)

SELECT t.id FROM test_tablesample AS t TABLESAMPLE SYSTEM (50) REPEATABLE (10);
 id 
----
 10
 11
 13
 14
 16
 17
 20
 21
 23
 24
 26
 27
  0
  1
  2
  3
  4
  5
  9
(19 rows)

SELECT id FROM test_tablesample TABLESAMPLE SYSTEM (100.0/11) REPEATABLE (9999);
 id 
----
 16
 26
  6
  7
  8
(5 rows)

SELECT count(*) FROM test_tablesample TABLESAMPLE SYSTEM (100);
 count 
-------
    30
(1 row)

SELECT id FROM test_tablesample TABLESAMPLE SYSTEM (50) REPEATABLE (100);
 id 
----
 11
 13
 14
 15
 17
 19
  0
  1
  2
  6
  7
  8
  9
 21
 23
 24
 25
 27
 29
(19 rows)

SELECT id FROM test_tablesample TABLESAMPLE BERNOULLI (50) REPEATABLE (100);
 id 
----
 10
 12
 13
 18
  0
  1
  3
  4
  5
 20
 22
 23
 28
(13 rows)

SELECT id FROM test_tablesample TABLESAMPLE BERNOULLI (5.5) REPEATABLE (1);
 id 
----
 10
 14
  0
  5
 20
 24
(6 rows)

CREATE VIEW test_tablesample_v1 AS SELECT id FROM test_tablesample TABLESAMPLE SYSTEM (10*2) REPEATABLE (2);
CREATE VIEW test_tablesample_v2 AS SELECT id FROM test_tablesample TABLESAMPLE SYSTEM (99);
SELECT pg_get_viewdef('test_tablesample_v1'::regclass);
                                 pg_get_viewdef                                 
--------------------------------------------------------------------------------
  SELECT test_tablesample.id                                                   +
    FROM test_tablesample TABLESAMPLE system (((10 * 2))::real) REPEATABLE (2);
(1 row)

SELECT pg_get_viewdef('test_tablesample_v2'::regclass);
                      pg_get_viewdef                       
-----------------------------------------------------------
  SELECT test_tablesample.id                              +
    FROM test_tablesample TABLESAMPLE system ((99)::real);
(1 row)

BEGIN;
DECLARE tablesample_cur CURSOR FOR SELECT id FROM test_tablesample TABLESAMPLE SYSTEM (50) REPEATABLE (100) ORDER BY id;
FETCH FIRST FROM tablesample_cur;
 id 
----
  0
(1 row)

FETCH NEXT FROM tablesample_cur;
 id 
----
  1
(1 row)

FETCH NEXT FROM tablesample_cur;
 id 
----
  2
(1 row)

SELECT id FROM test_tablesample TABLESAMPLE SYSTEM (50) REPEATABLE (10);
 id 
----
 10
 11
 13
 14
 16
 17
  0
  1
  2
  3
  4
  5
  9
 20
 21
 23
 24
 26
 27
(19 rows)

FETCH NEXT FROM tablesample_cur;
 id 
----
  6
(1 row)

FETCH NEXT FROM tablesample_cur;
 id 
----
  7
(1 row)

FETCH NEXT FROM tablesample_cur;
 id 
----
  8
(1 row)

-- Greenplum: Going backwards on cursors is not supported. By closing the
-- cursor and starting again we pass the tests and keep the file closer to
-- upstream. We do test the rescan methods of tablesample afterwards.
CLOSE tablesample_cur;
DECLARE tablesample_cur CURSOR FOR SELECT id FROM test_tablesample TABLESAMPLE SYSTEM (50) REPEATABLE (100) ORDER BY id;
FETCH FIRST FROM tablesample_cur;
 id 
----
  0
(1 row)

FETCH NEXT FROM tablesample_cur;
 id 
----
  1
(1 row)

FETCH NEXT FROM tablesample_cur;
 id 
----
  2
(1 row)

FETCH NEXT FROM tablesample_cur;
 id 
----
  6
(1 row)

FETCH NEXT FROM tablesample_cur;
 id 
----
  7
(1 row)

FETCH NEXT FROM tablesample_cur;
 id 
----
  8
(1 row)

CLOSE tablesample_cur;
END;
-- Greenplum: Test rescan paths by forcing a nested loop
CREATE TABLE ttr1 (a int, b int) DISTRIBUTED BY (a);
CREATE TABLE ttr2 (a int, b int) DISTRIBUTED BY (a);
INSERT INTO ttr1 VALUES (1, 1), (NULL, NULL);
INSERT INTO ttr2 VALUES (1, 5), (NULL, 6);
SET enable_hashjoin TO OFF;
SET enable_mergejoin TO OFF;
SET enable_nestloop TO ON;
EXPLAIN SELECT * FROM ttr1 TABLESAMPLE BERNOULLI (50) REPEATABLE (100), ttr2 TABLESAMPLE BERNOULLI (50) REPEATABLE (100) WHERE ttr1.a = ttr2.a;
                                  QUERY PLAN                                   
-------------------------------------------------------------------------------
 Gather Motion 3:1  (slice1; segments: 3)  (cost=0.00..4.03 rows=4 width=16)
   ->  Nested Loop  (cost=0.00..4.03 rows=2 width=16)
         Join Filter: (ttr1.a = ttr2.a)
         ->  Sample Scan (bernoulli) on ttr1  (cost=0.00..2.01 rows=1 width=8)
         ->  Sample Scan (bernoulli) on ttr2  (cost=0.00..2.01 rows=1 width=8)
 Optimizer: Postgres query optimizer
(6 rows)

SELECT * FROM ttr1 TABLESAMPLE BERNOULLI (50) REPEATABLE (100), ttr2 TABLESAMPLE BERNOULLI (50) REPEATABLE (100) WHERE ttr1.a = ttr2.a;
 a | b | a | b 
---+---+---+---
 1 | 1 | 1 | 5
(1 row)

EXPLAIN SELECT * FROM ttr1 TABLESAMPLE SYSTEM (50) REPEATABLE (100), ttr2 TABLESAMPLE SYSTEM (50) REPEATABLE (100) WHERE ttr1.a = ttr2.a;
                                  QUERY PLAN                                   
-------------------------------------------------------------------------------
 Gather Motion 3:1  (slice1; segments: 3)  (cost=0.00..200.03 rows=4 width=16)
   ->  Nested Loop  (cost=0.00..200.03 rows=2 width=16)
         Join Filter: (ttr1.a = ttr2.a)
         ->  Sample Scan (system) on ttr1  (cost=0.00..100.01 rows=1 width=8)
         ->  Sample Scan (system) on ttr2  (cost=0.00..100.01 rows=1 width=8)
 Optimizer: Postgres query optimizer
(6 rows)

SELECT * FROM ttr1 TABLESAMPLE SYSTEM (50) REPEATABLE (100), ttr2 TABLESAMPLE SYSTEM (50) REPEATABLE (100) WHERE ttr1.a = ttr2.a;
 a | b | a | b 
---+---+---+---
 1 | 1 | 1 | 5
(1 row)

RESET enable_hashjoin;
RESET enable_mergejoin;
RESET enable_nestloop;
DROP TABLE ttr1;
DROP TABLE ttr2;
EXPLAIN SELECT id FROM test_tablesample TABLESAMPLE SYSTEM (50) REPEATABLE (10);
                                     QUERY PLAN                                     
------------------------------------------------------------------------------------
 Gather Motion 3:1  (slice1; segments: 3)  (cost=0.00..200.05 rows=5 width=4)
   ->  Sample Scan (system) on test_tablesample  (cost=0.00..200.05 rows=2 width=4)
 Optimizer: Postgres query optimizer
(3 rows)

EXPLAIN SELECT * FROM test_tablesample_v1;
                                    QUERY PLAN                                    
----------------------------------------------------------------------------------
 Gather Motion 3:1  (slice1; segments: 3)  (cost=0.00..0.02 rows=3 width=4)
   ->  Sample Scan (system) on test_tablesample  (cost=0.00..0.02 rows=1 width=4)
 Optimizer: Postgres query optimizer
(3 rows)

-- errors
SELECT id FROM test_tablesample TABLESAMPLE FOOBAR (1);
ERROR:  tablesample method "foobar" does not exist
LINE 1: SELECT id FROM test_tablesample TABLESAMPLE FOOBAR (1);
                       ^
SELECT id FROM test_tablesample TABLESAMPLE SYSTEM (50) REPEATABLE (NULL);
ERROR:  REPEATABLE clause must be NOT NULL numeric value
LINE 1: ... test_tablesample TABLESAMPLE SYSTEM (50) REPEATABLE (NULL);
                                                                 ^
SELECT id FROM test_tablesample TABLESAMPLE BERNOULLI (-1);
ERROR:  invalid sample size
HINT:  Sample size must be numeric value between 0 and 100 (inclusive).
SELECT id FROM test_tablesample TABLESAMPLE BERNOULLI (200);
ERROR:  invalid sample size
HINT:  Sample size must be numeric value between 0 and 100 (inclusive).
SELECT id FROM test_tablesample TABLESAMPLE SYSTEM (-1);
ERROR:  invalid sample size
HINT:  Sample size must be numeric value between 0 and 100 (inclusive).
SELECT id FROM test_tablesample TABLESAMPLE SYSTEM (200);
ERROR:  invalid sample size
HINT:  Sample size must be numeric value between 0 and 100 (inclusive).
SELECT id FROM test_tablesample_v1 TABLESAMPLE BERNOULLI (1);
ERROR:  TABLESAMPLE clause can only be used on tables and materialized views
LINE 1: SELECT id FROM test_tablesample_v1 TABLESAMPLE BERNOULLI (1)...
                       ^
INSERT INTO test_tablesample_v1 VALUES(1);
ERROR:  cannot insert into view "test_tablesample_v1"
DETAIL:  Views containing TABLESAMPLE are not automatically updatable.
HINT:  To enable inserting into the view, provide an INSTEAD OF INSERT trigger or an unconditional ON INSERT DO INSTEAD rule.
WITH query_select AS (SELECT * FROM test_tablesample)
SELECT * FROM query_select TABLESAMPLE BERNOULLI (5.5) REPEATABLE (1);
ERROR:  TABLESAMPLE clause can only be used on tables and materialized views
LINE 2: SELECT * FROM query_select TABLESAMPLE BERNOULLI (5.5) REPEA...
                      ^
SELECT q.* FROM (SELECT * FROM test_tablesample) as q TABLESAMPLE BERNOULLI (5);
ERROR:  syntax error at or near "TABLESAMPLE"
LINE 1: ...CT q.* FROM (SELECT * FROM test_tablesample) as q TABLESAMPL...
                                                             ^
-- catalog sanity
SELECT *
FROM pg_tablesample_method
WHERE tsminit IS NULL
   OR tsmseqscan IS NULL
   OR tsmpagemode IS NULL
   OR tsmnextblock IS NULL
   OR tsmnexttuple IS NULL
   OR tsmend IS NULL
   OR tsmreset IS NULL
   OR tsmcost IS NULL;
 tsmname | tsmseqscan | tsmpagemode | tsminit | tsmnextblock | tsmnexttuple | tsmexaminetuple | tsmend | tsmreset | tsmcost 
---------+------------+-------------+---------+--------------+--------------+-----------------+--------+----------+---------
(0 rows)

-- done
DROP TABLE test_tablesample CASCADE;
NOTICE:  drop cascades to 2 other objects
DETAIL:  drop cascades to view test_tablesample_v1
drop cascades to view test_tablesample_v2
